warning: ignoring unsupported tag `DOT_DEBUG         =' at line 2429, file doxygen_config
Searching for include files...
Searching for example files...
Searching for images...
Searching for dot files...
Searching for msc files...
Searching for dia files...
Searching for files to exclude
Searching INPUT for files to process...
Searching for files in directory /home/ehsan/OpenFOAM/ehsan-9/src/lagrangian/frontTracking
Searching for files in directory /home/ehsan/OpenFOAM/ehsan-9/src/lagrangian/frontTracking/clouds
Searching for files in directory /home/ehsan/OpenFOAM/ehsan-9/src/lagrangian/frontTracking/clouds/derived
Searching for files in directory /home/ehsan/OpenFOAM/ehsan-9/src/lagrangian/frontTracking/clouds/derived/frontTrackingCloud
Searching for files in directory /home/ehsan/OpenFOAM/ehsan-9/src/lagrangian/frontTracking/clouds/Templates
Searching for files in directory /home/ehsan/OpenFOAM/ehsan-9/src/lagrangian/frontTracking/clouds/Templates/FrontTrackingCloud
Searching for files in directory /home/ehsan/OpenFOAM/ehsan-9/src/lagrangian/frontTracking/clouds/Templates/FrontTrackingCloud/bubbleData
Searching for files in directory /home/ehsan/OpenFOAM/ehsan-9/src/lagrangian/frontTracking/lnInclude
Searching for files in directory /home/ehsan/OpenFOAM/ehsan-9/src/lagrangian/frontTracking/Make
Searching for files in directory /home/ehsan/OpenFOAM/ehsan-9/src/lagrangian/frontTracking/Make/linux64GccDPInt32Opt
Searching for files in directory /home/ehsan/OpenFOAM/ehsan-9/src/lagrangian/frontTracking/Make/linux64GccDPInt32Opt/clouds
Searching for files in directory /home/ehsan/OpenFOAM/ehsan-9/src/lagrangian/frontTracking/Make/linux64GccDPInt32Opt/clouds/derived
Searching for files in directory /home/ehsan/OpenFOAM/ehsan-9/src/lagrangian/frontTracking/Make/linux64GccDPInt32Opt/clouds/derived/frontTrackingCloud
Searching for files in directory /home/ehsan/OpenFOAM/ehsan-9/src/lagrangian/frontTracking/Make/linux64GccDPInt32Opt/clouds/Templates
Searching for files in directory /home/ehsan/OpenFOAM/ehsan-9/src/lagrangian/frontTracking/Make/linux64GccDPInt32Opt/clouds/Templates/FrontTrackingCloud
Searching for files in directory /home/ehsan/OpenFOAM/ehsan-9/src/lagrangian/frontTracking/Make/linux64GccDPInt32Opt/clouds/Templates/FrontTrackingCloud/bubbleData
Searching for files in directory /home/ehsan/OpenFOAM/ehsan-9/src/lagrangian/frontTracking/Make/linux64GccDPInt32Opt/parcels
Searching for files in directory /home/ehsan/OpenFOAM/ehsan-9/src/lagrangian/frontTracking/Make/linux64GccDPInt32Opt/parcels/derived
Searching for files in directory /home/ehsan/OpenFOAM/ehsan-9/src/lagrangian/frontTracking/Make/linux64GccDPInt32Opt/parcels/derived/frontTrackingParcel
Searching for files in directory /home/ehsan/OpenFOAM/ehsan-9/src/lagrangian/frontTracking/Make/linux64GccDPInt32Opt/parcels/Templates
Searching for files in directory /home/ehsan/OpenFOAM/ehsan-9/src/lagrangian/frontTracking/Make/linux64GccDPInt32Opt/parcels/Templates/FrontTrackingParcel
Searching for files in directory /home/ehsan/OpenFOAM/ehsan-9/src/lagrangian/frontTracking/parcels
Searching for files in directory /home/ehsan/OpenFOAM/ehsan-9/src/lagrangian/frontTracking/parcels/derived
Searching for files in directory /home/ehsan/OpenFOAM/ehsan-9/src/lagrangian/frontTracking/parcels/derived/frontTrackingParcel
Searching for files in directory /home/ehsan/OpenFOAM/ehsan-9/src/lagrangian/frontTracking/parcels/include
Searching for files in directory /home/ehsan/OpenFOAM/ehsan-9/src/lagrangian/frontTracking/parcels/Templates
Searching for files in directory /home/ehsan/OpenFOAM/ehsan-9/src/lagrangian/frontTracking/parcels/Templates/FrontTrackingParcel
Searching for files in directory /home/ehsan/OpenFOAM/ehsan-9/src/lagrangian/frontTracking/submodels
Searching for files in directory /home/ehsan/OpenFOAM/ehsan-9/src/lagrangian/frontTracking/submodels/FrontTracking
Searching for files in directory /home/ehsan/OpenFOAM/ehsan-9/src/lagrangian/frontTracking/submodels/FrontTracking/FrontToFieldModels
Searching for files in directory /home/ehsan/OpenFOAM/ehsan-9/src/lagrangian/frontTracking/submodels/FrontTracking/FrontToFieldModels/BaseF2FModel
Searching for files in directory /home/ehsan/OpenFOAM/ehsan-9/src/lagrangian/frontTracking/submodels/FrontTracking/FrontToFieldModels/CPT
Searching for files in directory /home/ehsan/OpenFOAM/ehsan-9/src/lagrangian/frontTracking/submodels/FrontTracking/FrontToFieldModels/FrontToFieldModel
Searching for files in directory /home/ehsan/OpenFOAM/ehsan-9/src/lagrangian/frontTracking/submodels/FrontTracking/FrontToFieldModels/NoFrontToField
Searching for files in directory /home/ehsan/OpenFOAM/ehsan-9/src/lagrangian/frontTracking/submodels/FrontTracking/FrontToFieldModels/Poisson
Searching for files in directory /home/ehsan/OpenFOAM/ehsan-9/src/lagrangian/frontTracking/submodels/FrontTracking/SurfaceTensionModels
Searching for files in directory /home/ehsan/OpenFOAM/ehsan-9/src/lagrangian/frontTracking/submodels/FrontTracking/SurfaceTensionModels/DirectElementBased
Searching for files in directory /home/ehsan/OpenFOAM/ehsan-9/src/lagrangian/frontTracking/submodels/FrontTracking/SurfaceTensionModels/NoSurfaceTension
Searching for files in directory /home/ehsan/OpenFOAM/ehsan-9/src/lagrangian/frontTracking/submodels/FrontTracking/SurfaceTensionModels/SurfaceTensionModel
Searching for files in directory /home/ehsan/OpenFOAM/ehsan-9/src/lagrangian/frontTracking/submodels/FrontTracking/UndulationRemovalModels
Searching for files in directory /home/ehsan/OpenFOAM/ehsan-9/src/lagrangian/frontTracking/submodels/FrontTracking/UndulationRemovalModels/NoUndulationRemoval
Searching for files in directory /home/ehsan/OpenFOAM/ehsan-9/src/lagrangian/frontTracking/submodels/FrontTracking/UndulationRemovalModels/TSUR3D
Searching for files in directory /home/ehsan/OpenFOAM/ehsan-9/src/lagrangian/frontTracking/submodels/FrontTracking/UndulationRemovalModels/UndulationRemovalModel
Searching for files in directory /home/ehsan/OpenFOAM/ehsan-9/src/lagrangian/frontTracking/submodels/FrontTracking/UndulationRemovalModels/VCSIII
Searching for files in directory /home/ehsan/OpenFOAM/ehsan-9/src/lagrangian/frontTracking/submodels/FrontTracking/UndulationRemovalModels/VCSIV
Searching for files in directory /home/ehsan/OpenFOAM/ehsan-9/src/lagrangian/frontTracking/submodels/FrontTracking/VolumeCorrectionModels
Searching for files in directory /home/ehsan/OpenFOAM/ehsan-9/src/lagrangian/frontTracking/submodels/FrontTracking/VolumeCorrectionModels/NoVolumeCorrection
Searching for files in directory /home/ehsan/OpenFOAM/ehsan-9/src/lagrangian/frontTracking/submodels/FrontTracking/VolumeCorrectionModels/VC2
Searching for files in directory /home/ehsan/OpenFOAM/ehsan-9/src/lagrangian/frontTracking/submodels/FrontTracking/VolumeCorrectionModels/VolumeCorrectionModel
Reading and parsing tag files
Parsing files
Preprocessing /home/ehsan/OpenFOAM/ehsan-9/src/lagrangian/frontTracking/clouds/derived/frontTrackingCloud/frontTrackingCloud.C...
Parsing file /home/ehsan/OpenFOAM/ehsan-9/src/lagrangian/frontTracking/clouds/derived/frontTrackingCloud/frontTrackingCloud.C...
Preprocessing /home/ehsan/OpenFOAM/ehsan-9/src/lagrangian/frontTracking/clouds/derived/frontTrackingCloud/frontTrackingCloud.H...
Parsing file /home/ehsan/OpenFOAM/ehsan-9/src/lagrangian/frontTracking/clouds/derived/frontTrackingCloud/frontTrackingCloud.H...
Preprocessing /home/ehsan/OpenFOAM/ehsan-9/src/lagrangian/frontTracking/clouds/Templates/FrontTrackingCloud/bubbleData/bubbleData.C...
Parsing file /home/ehsan/OpenFOAM/ehsan-9/src/lagrangian/frontTracking/clouds/Templates/FrontTrackingCloud/bubbleData/bubbleData.C...
Preprocessing /home/ehsan/OpenFOAM/ehsan-9/src/lagrangian/frontTracking/clouds/Templates/FrontTrackingCloud/bubbleData/bubbleData.H...
Parsing file /home/ehsan/OpenFOAM/ehsan-9/src/lagrangian/frontTracking/clouds/Templates/FrontTrackingCloud/bubbleData/bubbleData.H...
Preprocessing /home/ehsan/OpenFOAM/ehsan-9/src/lagrangian/frontTracking/clouds/Templates/FrontTrackingCloud/bubbleData/bubbleDataI.H...
Parsing file /home/ehsan/OpenFOAM/ehsan-9/src/lagrangian/frontTracking/clouds/Templates/FrontTrackingCloud/bubbleData/bubbleDataI.H...
Preprocessing /home/ehsan/OpenFOAM/ehsan-9/src/lagrangian/frontTracking/clouds/Templates/FrontTrackingCloud/FrontTrackingCloud.C...
Parsing file /home/ehsan/OpenFOAM/ehsan-9/src/lagrangian/frontTracking/clouds/Templates/FrontTrackingCloud/FrontTrackingCloud.C...
Preprocessing /home/ehsan/OpenFOAM/ehsan-9/src/lagrangian/frontTracking/clouds/Templates/FrontTrackingCloud/FrontTrackingCloud.H...
Parsing file /home/ehsan/OpenFOAM/ehsan-9/src/lagrangian/frontTracking/clouds/Templates/FrontTrackingCloud/FrontTrackingCloud.H...
Preprocessing /home/ehsan/OpenFOAM/ehsan-9/src/lagrangian/frontTracking/clouds/Templates/FrontTrackingCloud/FrontTrackingCloudI.H...
Parsing file /home/ehsan/OpenFOAM/ehsan-9/src/lagrangian/frontTracking/clouds/Templates/FrontTrackingCloud/FrontTrackingCloudI.H...
Preprocessing /home/ehsan/OpenFOAM/ehsan-9/src/lagrangian/frontTracking/clouds/Templates/FrontTrackingCloud/FrontTrackingCloudName.C...
Parsing file /home/ehsan/OpenFOAM/ehsan-9/src/lagrangian/frontTracking/clouds/Templates/FrontTrackingCloud/FrontTrackingCloudName.C...
Preprocessing /home/ehsan/OpenFOAM/ehsan-9/src/lagrangian/frontTracking/lnInclude/BaseF2FModel.C...
Parsing file /home/ehsan/OpenFOAM/ehsan-9/src/lagrangian/frontTracking/lnInclude/BaseF2FModel.C...
Preprocessing /home/ehsan/OpenFOAM/ehsan-9/src/lagrangian/frontTracking/lnInclude/BaseF2FModel.H...
Parsing file /home/ehsan/OpenFOAM/ehsan-9/src/lagrangian/frontTracking/lnInclude/BaseF2FModel.H...
Preprocessing /home/ehsan/OpenFOAM/ehsan-9/src/lagrangian/frontTracking/lnInclude/bubbleData.C...
Parsing file /home/ehsan/OpenFOAM/ehsan-9/src/lagrangian/frontTracking/lnInclude/bubbleData.C...
Preprocessing /home/ehsan/OpenFOAM/ehsan-9/src/lagrangian/frontTracking/lnInclude/bubbleData.H...
Parsing file /home/ehsan/OpenFOAM/ehsan-9/src/lagrangian/frontTracking/lnInclude/bubbleData.H...
Preprocessing /home/ehsan/OpenFOAM/ehsan-9/src/lagrangian/frontTracking/lnInclude/bubbleDataI.H...
Parsing file /home/ehsan/OpenFOAM/ehsan-9/src/lagrangian/frontTracking/lnInclude/bubbleDataI.H...
Preprocessing /home/ehsan/OpenFOAM/ehsan-9/src/lagrangian/frontTracking/lnInclude/CPT.C...
Parsing file /home/ehsan/OpenFOAM/ehsan-9/src/lagrangian/frontTracking/lnInclude/CPT.C...
Preprocessing /home/ehsan/OpenFOAM/ehsan-9/src/lagrangian/frontTracking/lnInclude/CPT.H...
Parsing file /home/ehsan/OpenFOAM/ehsan-9/src/lagrangian/frontTracking/lnInclude/CPT.H...
Preprocessing /home/ehsan/OpenFOAM/ehsan-9/src/lagrangian/frontTracking/lnInclude/DirectElementBased.C...
Parsing file /home/ehsan/OpenFOAM/ehsan-9/src/lagrangian/frontTracking/lnInclude/DirectElementBased.C...
Preprocessing /home/ehsan/OpenFOAM/ehsan-9/src/lagrangian/frontTracking/lnInclude/DirectElementBased.H...
Parsing file /home/ehsan/OpenFOAM/ehsan-9/src/lagrangian/frontTracking/lnInclude/DirectElementBased.H...
Preprocessing /home/ehsan/OpenFOAM/ehsan-9/src/lagrangian/frontTracking/lnInclude/FrontToFieldModel.C...
Parsing file /home/ehsan/OpenFOAM/ehsan-9/src/lagrangian/frontTracking/lnInclude/FrontToFieldModel.C...
Preprocessing /home/ehsan/OpenFOAM/ehsan-9/src/lagrangian/frontTracking/lnInclude/FrontToFieldModel.H...
Parsing file /home/ehsan/OpenFOAM/ehsan-9/src/lagrangian/frontTracking/lnInclude/FrontToFieldModel.H...
Preprocessing /home/ehsan/OpenFOAM/ehsan-9/src/lagrangian/frontTracking/lnInclude/FrontTrackingCloud.C...
Parsing file /home/ehsan/OpenFOAM/ehsan-9/src/lagrangian/frontTracking/lnInclude/FrontTrackingCloud.C...
Preprocessing /home/ehsan/OpenFOAM/ehsan-9/src/lagrangian/frontTracking/lnInclude/frontTrackingCloud.C...
Parsing file /home/ehsan/OpenFOAM/ehsan-9/src/lagrangian/frontTracking/lnInclude/frontTrackingCloud.C...
Preprocessing /home/ehsan/OpenFOAM/ehsan-9/src/lagrangian/frontTracking/lnInclude/FrontTrackingCloud.H...
Parsing file /home/ehsan/OpenFOAM/ehsan-9/src/lagrangian/frontTracking/lnInclude/FrontTrackingCloud.H...
Preprocessing /home/ehsan/OpenFOAM/ehsan-9/src/lagrangian/frontTracking/lnInclude/frontTrackingCloud.H...
Parsing file /home/ehsan/OpenFOAM/ehsan-9/src/lagrangian/frontTracking/lnInclude/frontTrackingCloud.H...
Preprocessing /home/ehsan/OpenFOAM/ehsan-9/src/lagrangian/frontTracking/lnInclude/FrontTrackingCloudI.H...
Parsing file /home/ehsan/OpenFOAM/ehsan-9/src/lagrangian/frontTracking/lnInclude/FrontTrackingCloudI.H...
Preprocessing /home/ehsan/OpenFOAM/ehsan-9/src/lagrangian/frontTracking/lnInclude/FrontTrackingCloudName.C...
Parsing file /home/ehsan/OpenFOAM/ehsan-9/src/lagrangian/frontTracking/lnInclude/FrontTrackingCloudName.C...
Preprocessing /home/ehsan/OpenFOAM/ehsan-9/src/lagrangian/frontTracking/lnInclude/FrontTrackingParcel.C...
Parsing file /home/ehsan/OpenFOAM/ehsan-9/src/lagrangian/frontTracking/lnInclude/FrontTrackingParcel.C...
Preprocessing /home/ehsan/OpenFOAM/ehsan-9/src/lagrangian/frontTracking/lnInclude/frontTrackingParcel.H...
Parsing file /home/ehsan/OpenFOAM/ehsan-9/src/lagrangian/frontTracking/lnInclude/frontTrackingParcel.H...
Preprocessing /home/ehsan/OpenFOAM/ehsan-9/src/lagrangian/frontTracking/lnInclude/FrontTrackingParcel.H...
Parsing file /home/ehsan/OpenFOAM/ehsan-9/src/lagrangian/frontTracking/lnInclude/FrontTrackingParcel.H...
Preprocessing /home/ehsan/OpenFOAM/ehsan-9/src/lagrangian/frontTracking/lnInclude/FrontTrackingParcelI.H...
Parsing file /home/ehsan/OpenFOAM/ehsan-9/src/lagrangian/frontTracking/lnInclude/FrontTrackingParcelI.H...
Preprocessing /home/ehsan/OpenFOAM/ehsan-9/src/lagrangian/frontTracking/lnInclude/FrontTrackingParcelIO.C...
Parsing file /home/ehsan/OpenFOAM/ehsan-9/src/lagrangian/frontTracking/lnInclude/FrontTrackingParcelIO.C...
Preprocessing /home/ehsan/OpenFOAM/ehsan-9/src/lagrangian/frontTracking/lnInclude/FrontTrackingParcelName.C...
Parsing file /home/ehsan/OpenFOAM/ehsan-9/src/lagrangian/frontTracking/lnInclude/FrontTrackingParcelName.C...
Preprocessing /home/ehsan/OpenFOAM/ehsan-9/src/lagrangian/frontTracking/lnInclude/FrontTrackingParcelTrackingDataI.H...
Parsing file /home/ehsan/OpenFOAM/ehsan-9/src/lagrangian/frontTracking/lnInclude/FrontTrackingParcelTrackingDataI.H...
Preprocessing /home/ehsan/OpenFOAM/ehsan-9/src/lagrangian/frontTracking/lnInclude/makeFrontTrackingParcelFrontToFieldModels.H...
Parsing file /home/ehsan/OpenFOAM/ehsan-9/src/lagrangian/frontTracking/lnInclude/makeFrontTrackingParcelFrontToFieldModels.H...
Preprocessing /home/ehsan/OpenFOAM/ehsan-9/src/lagrangian/frontTracking/lnInclude/makeFrontTrackingParcelSubmodels.C...
Parsing file /home/ehsan/OpenFOAM/ehsan-9/src/lagrangian/frontTracking/lnInclude/makeFrontTrackingParcelSubmodels.C...
Preprocessing /home/ehsan/OpenFOAM/ehsan-9/src/lagrangian/frontTracking/lnInclude/makeFrontTrackingParcelSurfaceTensionModels.H...
Parsing file /home/ehsan/OpenFOAM/ehsan-9/src/lagrangian/frontTracking/lnInclude/makeFrontTrackingParcelSurfaceTensionModels.H...
Preprocessing /home/ehsan/OpenFOAM/ehsan-9/src/lagrangian/frontTracking/lnInclude/makeFrontTrackingParcelUndulationRemovalModels.H...
Parsing file /home/ehsan/OpenFOAM/ehsan-9/src/lagrangian/frontTracking/lnInclude/makeFrontTrackingParcelUndulationRemovalModels.H...
Preprocessing /home/ehsan/OpenFOAM/ehsan-9/src/lagrangian/frontTracking/lnInclude/makeFrontTrackingParcelVolumeCorrectionModels.H...
Parsing file /home/ehsan/OpenFOAM/ehsan-9/src/lagrangian/frontTracking/lnInclude/makeFrontTrackingParcelVolumeCorrectionModels.H...
Preprocessing /home/ehsan/OpenFOAM/ehsan-9/src/lagrangian/frontTracking/lnInclude/NoFrontToField.C...
Parsing file /home/ehsan/OpenFOAM/ehsan-9/src/lagrangian/frontTracking/lnInclude/NoFrontToField.C...
Preprocessing /home/ehsan/OpenFOAM/ehsan-9/src/lagrangian/frontTracking/lnInclude/NoFrontToField.H...
Parsing file /home/ehsan/OpenFOAM/ehsan-9/src/lagrangian/frontTracking/lnInclude/NoFrontToField.H...
Preprocessing /home/ehsan/OpenFOAM/ehsan-9/src/lagrangian/frontTracking/lnInclude/NoSurfaceTension.C...
Parsing file /home/ehsan/OpenFOAM/ehsan-9/src/lagrangian/frontTracking/lnInclude/NoSurfaceTension.C...
Preprocessing /home/ehsan/OpenFOAM/ehsan-9/src/lagrangian/frontTracking/lnInclude/NoSurfaceTension.H...
Parsing file /home/ehsan/OpenFOAM/ehsan-9/src/lagrangian/frontTracking/lnInclude/NoSurfaceTension.H...
Preprocessing /home/ehsan/OpenFOAM/ehsan-9/src/lagrangian/frontTracking/lnInclude/NoUndulationRemoval.C...
Parsing file /home/ehsan/OpenFOAM/ehsan-9/src/lagrangian/frontTracking/lnInclude/NoUndulationRemoval.C...
Preprocessing /home/ehsan/OpenFOAM/ehsan-9/src/lagrangian/frontTracking/lnInclude/NoUndulationRemoval.H...
Parsing file /home/ehsan/OpenFOAM/ehsan-9/src/lagrangian/frontTracking/lnInclude/NoUndulationRemoval.H...
Preprocessing /home/ehsan/OpenFOAM/ehsan-9/src/lagrangian/frontTracking/lnInclude/NoVolumeCorrection.C...
Parsing file /home/ehsan/OpenFOAM/ehsan-9/src/lagrangian/frontTracking/lnInclude/NoVolumeCorrection.C...
Preprocessing /home/ehsan/OpenFOAM/ehsan-9/src/lagrangian/frontTracking/lnInclude/NoVolumeCorrection.H...
Parsing file /home/ehsan/OpenFOAM/ehsan-9/src/lagrangian/frontTracking/lnInclude/NoVolumeCorrection.H...
Preprocessing /home/ehsan/OpenFOAM/ehsan-9/src/lagrangian/frontTracking/lnInclude/Poisson.C...
Parsing file /home/ehsan/OpenFOAM/ehsan-9/src/lagrangian/frontTracking/lnInclude/Poisson.C...
Preprocessing /home/ehsan/OpenFOAM/ehsan-9/src/lagrangian/frontTracking/lnInclude/Poisson.H...
Parsing file /home/ehsan/OpenFOAM/ehsan-9/src/lagrangian/frontTracking/lnInclude/Poisson.H...
Preprocessing /home/ehsan/OpenFOAM/ehsan-9/src/lagrangian/frontTracking/lnInclude/SurfaceTensionModel.C...
Parsing file /home/ehsan/OpenFOAM/ehsan-9/src/lagrangian/frontTracking/lnInclude/SurfaceTensionModel.C...
Preprocessing /home/ehsan/OpenFOAM/ehsan-9/src/lagrangian/frontTracking/lnInclude/SurfaceTensionModel.H...
Parsing file /home/ehsan/OpenFOAM/ehsan-9/src/lagrangian/frontTracking/lnInclude/SurfaceTensionModel.H...
Preprocessing /home/ehsan/OpenFOAM/ehsan-9/src/lagrangian/frontTracking/lnInclude/TSUR3D.C...
Parsing file /home/ehsan/OpenFOAM/ehsan-9/src/lagrangian/frontTracking/lnInclude/TSUR3D.C...
Preprocessing /home/ehsan/OpenFOAM/ehsan-9/src/lagrangian/frontTracking/lnInclude/TSUR3D.H...
Parsing file /home/ehsan/OpenFOAM/ehsan-9/src/lagrangian/frontTracking/lnInclude/TSUR3D.H...
Preprocessing /home/ehsan/OpenFOAM/ehsan-9/src/lagrangian/frontTracking/lnInclude/UndulationRemovalModel.C...
Parsing file /home/ehsan/OpenFOAM/ehsan-9/src/lagrangian/frontTracking/lnInclude/UndulationRemovalModel.C...
Preprocessing /home/ehsan/OpenFOAM/ehsan-9/src/lagrangian/frontTracking/lnInclude/UndulationRemovalModel.H...
Parsing file /home/ehsan/OpenFOAM/ehsan-9/src/lagrangian/frontTracking/lnInclude/UndulationRemovalModel.H...
Preprocessing /home/ehsan/OpenFOAM/ehsan-9/src/lagrangian/frontTracking/lnInclude/VC2.C...
Parsing file /home/ehsan/OpenFOAM/ehsan-9/src/lagrangian/frontTracking/lnInclude/VC2.C...
Preprocessing /home/ehsan/OpenFOAM/ehsan-9/src/lagrangian/frontTracking/lnInclude/VC2.H...
Parsing file /home/ehsan/OpenFOAM/ehsan-9/src/lagrangian/frontTracking/lnInclude/VC2.H...
Preprocessing /home/ehsan/OpenFOAM/ehsan-9/src/lagrangian/frontTracking/lnInclude/VCSIII.C...
Parsing file /home/ehsan/OpenFOAM/ehsan-9/src/lagrangian/frontTracking/lnInclude/VCSIII.C...
Preprocessing /home/ehsan/OpenFOAM/ehsan-9/src/lagrangian/frontTracking/lnInclude/VCSIII.H...
Parsing file /home/ehsan/OpenFOAM/ehsan-9/src/lagrangian/frontTracking/lnInclude/VCSIII.H...
Preprocessing /home/ehsan/OpenFOAM/ehsan-9/src/lagrangian/frontTracking/lnInclude/VCSIV.C...
Parsing file /home/ehsan/OpenFOAM/ehsan-9/src/lagrangian/frontTracking/lnInclude/VCSIV.C...
Preprocessing /home/ehsan/OpenFOAM/ehsan-9/src/lagrangian/frontTracking/lnInclude/VCSIV.H...
Parsing file /home/ehsan/OpenFOAM/ehsan-9/src/lagrangian/frontTracking/lnInclude/VCSIV.H...
Preprocessing /home/ehsan/OpenFOAM/ehsan-9/src/lagrangian/frontTracking/lnInclude/VolumeCorrectionModel.C...
Parsing file /home/ehsan/OpenFOAM/ehsan-9/src/lagrangian/frontTracking/lnInclude/VolumeCorrectionModel.C...
Preprocessing /home/ehsan/OpenFOAM/ehsan-9/src/lagrangian/frontTracking/lnInclude/VolumeCorrectionModel.H...
Parsing file /home/ehsan/OpenFOAM/ehsan-9/src/lagrangian/frontTracking/lnInclude/VolumeCorrectionModel.H...
Preprocessing /home/ehsan/OpenFOAM/ehsan-9/src/lagrangian/frontTracking/parcels/derived/frontTrackingParcel/frontTrackingParcel.H...
Parsing file /home/ehsan/OpenFOAM/ehsan-9/src/lagrangian/frontTracking/parcels/derived/frontTrackingParcel/frontTrackingParcel.H...
Preprocessing /home/ehsan/OpenFOAM/ehsan-9/src/lagrangian/frontTracking/parcels/derived/frontTrackingParcel/makeFrontTrackingParcelSubmodels.C...
Parsing file /home/ehsan/OpenFOAM/ehsan-9/src/lagrangian/frontTracking/parcels/derived/frontTrackingParcel/makeFrontTrackingParcelSubmodels.C...
Preprocessing /home/ehsan/OpenFOAM/ehsan-9/src/lagrangian/frontTracking/parcels/include/makeFrontTrackingParcelFrontToFieldModels.H...
Parsing file /home/ehsan/OpenFOAM/ehsan-9/src/lagrangian/frontTracking/parcels/include/makeFrontTrackingParcelFrontToFieldModels.H...
Preprocessing /home/ehsan/OpenFOAM/ehsan-9/src/lagrangian/frontTracking/parcels/include/makeFrontTrackingParcelSurfaceTensionModels.H...
Parsing file /home/ehsan/OpenFOAM/ehsan-9/src/lagrangian/frontTracking/parcels/include/makeFrontTrackingParcelSurfaceTensionModels.H...
Preprocessing /home/ehsan/OpenFOAM/ehsan-9/src/lagrangian/frontTracking/parcels/include/makeFrontTrackingParcelUndulationRemovalModels.H...
Parsing file /home/ehsan/OpenFOAM/ehsan-9/src/lagrangian/frontTracking/parcels/include/makeFrontTrackingParcelUndulationRemovalModels.H...
Preprocessing /home/ehsan/OpenFOAM/ehsan-9/src/lagrangian/frontTracking/parcels/include/makeFrontTrackingParcelVolumeCorrectionModels.H...
Parsing file /home/ehsan/OpenFOAM/ehsan-9/src/lagrangian/frontTracking/parcels/include/makeFrontTrackingParcelVolumeCorrectionModels.H...
Preprocessing /home/ehsan/OpenFOAM/ehsan-9/src/lagrangian/frontTracking/parcels/Templates/FrontTrackingParcel/FrontTrackingParcel.C...
Parsing file /home/ehsan/OpenFOAM/ehsan-9/src/lagrangian/frontTracking/parcels/Templates/FrontTrackingParcel/FrontTrackingParcel.C...
Preprocessing /home/ehsan/OpenFOAM/ehsan-9/src/lagrangian/frontTracking/parcels/Templates/FrontTrackingParcel/FrontTrackingParcel.H...
Parsing file /home/ehsan/OpenFOAM/ehsan-9/src/lagrangian/frontTracking/parcels/Templates/FrontTrackingParcel/FrontTrackingParcel.H...
Preprocessing /home/ehsan/OpenFOAM/ehsan-9/src/lagrangian/frontTracking/parcels/Templates/FrontTrackingParcel/FrontTrackingParcelI.H...
Parsing file /home/ehsan/OpenFOAM/ehsan-9/src/lagrangian/frontTracking/parcels/Templates/FrontTrackingParcel/FrontTrackingParcelI.H...
Preprocessing /home/ehsan/OpenFOAM/ehsan-9/src/lagrangian/frontTracking/parcels/Templates/FrontTrackingParcel/FrontTrackingParcelIO.C...
Parsing file /home/ehsan/OpenFOAM/ehsan-9/src/lagrangian/frontTracking/parcels/Templates/FrontTrackingParcel/FrontTrackingParcelIO.C...
Preprocessing /home/ehsan/OpenFOAM/ehsan-9/src/lagrangian/frontTracking/parcels/Templates/FrontTrackingParcel/FrontTrackingParcelName.C...
Parsing file /home/ehsan/OpenFOAM/ehsan-9/src/lagrangian/frontTracking/parcels/Templates/FrontTrackingParcel/FrontTrackingParcelName.C...
Preprocessing /home/ehsan/OpenFOAM/ehsan-9/src/lagrangian/frontTracking/parcels/Templates/FrontTrackingParcel/FrontTrackingParcelTrackingDataI.H...
Parsing file /home/ehsan/OpenFOAM/ehsan-9/src/lagrangian/frontTracking/parcels/Templates/FrontTrackingParcel/FrontTrackingParcelTrackingDataI.H...
Preprocessing /home/ehsan/OpenFOAM/ehsan-9/src/lagrangian/frontTracking/submodels/FrontTracking/FrontToFieldModels/BaseF2FModel/BaseF2FModel.C...
Parsing file /home/ehsan/OpenFOAM/ehsan-9/src/lagrangian/frontTracking/submodels/FrontTracking/FrontToFieldModels/BaseF2FModel/BaseF2FModel.C...
Preprocessing /home/ehsan/OpenFOAM/ehsan-9/src/lagrangian/frontTracking/submodels/FrontTracking/FrontToFieldModels/BaseF2FModel/BaseF2FModel.H...
Parsing file /home/ehsan/OpenFOAM/ehsan-9/src/lagrangian/frontTracking/submodels/FrontTracking/FrontToFieldModels/BaseF2FModel/BaseF2FModel.H...
Preprocessing /home/ehsan/OpenFOAM/ehsan-9/src/lagrangian/frontTracking/submodels/FrontTracking/FrontToFieldModels/CPT/CPT.C...
Parsing file /home/ehsan/OpenFOAM/ehsan-9/src/lagrangian/frontTracking/submodels/FrontTracking/FrontToFieldModels/CPT/CPT.C...
Preprocessing /home/ehsan/OpenFOAM/ehsan-9/src/lagrangian/frontTracking/submodels/FrontTracking/FrontToFieldModels/CPT/CPT.H...
Parsing file /home/ehsan/OpenFOAM/ehsan-9/src/lagrangian/frontTracking/submodels/FrontTracking/FrontToFieldModels/CPT/CPT.H...
Preprocessing /home/ehsan/OpenFOAM/ehsan-9/src/lagrangian/frontTracking/submodels/FrontTracking/FrontToFieldModels/FrontToFieldModel/FrontToFieldModel.C...
Parsing file /home/ehsan/OpenFOAM/ehsan-9/src/lagrangian/frontTracking/submodels/FrontTracking/FrontToFieldModels/FrontToFieldModel/FrontToFieldModel.C...
Preprocessing /home/ehsan/OpenFOAM/ehsan-9/src/lagrangian/frontTracking/submodels/FrontTracking/FrontToFieldModels/FrontToFieldModel/FrontToFieldModel.H...
Parsing file /home/ehsan/OpenFOAM/ehsan-9/src/lagrangian/frontTracking/submodels/FrontTracking/FrontToFieldModels/FrontToFieldModel/FrontToFieldModel.H...
Preprocessing /home/ehsan/OpenFOAM/ehsan-9/src/lagrangian/frontTracking/submodels/FrontTracking/FrontToFieldModels/NoFrontToField/NoFrontToField.C...
Parsing file /home/ehsan/OpenFOAM/ehsan-9/src/lagrangian/frontTracking/submodels/FrontTracking/FrontToFieldModels/NoFrontToField/NoFrontToField.C...
Preprocessing /home/ehsan/OpenFOAM/ehsan-9/src/lagrangian/frontTracking/submodels/FrontTracking/FrontToFieldModels/NoFrontToField/NoFrontToField.H...
Parsing file /home/ehsan/OpenFOAM/ehsan-9/src/lagrangian/frontTracking/submodels/FrontTracking/FrontToFieldModels/NoFrontToField/NoFrontToField.H...
Preprocessing /home/ehsan/OpenFOAM/ehsan-9/src/lagrangian/frontTracking/submodels/FrontTracking/FrontToFieldModels/Poisson/Poisson.C...
Parsing file /home/ehsan/OpenFOAM/ehsan-9/src/lagrangian/frontTracking/submodels/FrontTracking/FrontToFieldModels/Poisson/Poisson.C...
Preprocessing /home/ehsan/OpenFOAM/ehsan-9/src/lagrangian/frontTracking/submodels/FrontTracking/FrontToFieldModels/Poisson/Poisson.H...
Parsing file /home/ehsan/OpenFOAM/ehsan-9/src/lagrangian/frontTracking/submodels/FrontTracking/FrontToFieldModels/Poisson/Poisson.H...
Preprocessing /home/ehsan/OpenFOAM/ehsan-9/src/lagrangian/frontTracking/submodels/FrontTracking/SurfaceTensionModels/DirectElementBased/DirectElementBased.C...
Parsing file /home/ehsan/OpenFOAM/ehsan-9/src/lagrangian/frontTracking/submodels/FrontTracking/SurfaceTensionModels/DirectElementBased/DirectElementBased.C...
Preprocessing /home/ehsan/OpenFOAM/ehsan-9/src/lagrangian/frontTracking/submodels/FrontTracking/SurfaceTensionModels/DirectElementBased/DirectElementBased.H...
Parsing file /home/ehsan/OpenFOAM/ehsan-9/src/lagrangian/frontTracking/submodels/FrontTracking/SurfaceTensionModels/DirectElementBased/DirectElementBased.H...
Preprocessing /home/ehsan/OpenFOAM/ehsan-9/src/lagrangian/frontTracking/submodels/FrontTracking/SurfaceTensionModels/NoSurfaceTension/NoSurfaceTension.C...
Parsing file /home/ehsan/OpenFOAM/ehsan-9/src/lagrangian/frontTracking/submodels/FrontTracking/SurfaceTensionModels/NoSurfaceTension/NoSurfaceTension.C...
Preprocessing /home/ehsan/OpenFOAM/ehsan-9/src/lagrangian/frontTracking/submodels/FrontTracking/SurfaceTensionModels/NoSurfaceTension/NoSurfaceTension.H...
Parsing file /home/ehsan/OpenFOAM/ehsan-9/src/lagrangian/frontTracking/submodels/FrontTracking/SurfaceTensionModels/NoSurfaceTension/NoSurfaceTension.H...
Preprocessing /home/ehsan/OpenFOAM/ehsan-9/src/lagrangian/frontTracking/submodels/FrontTracking/SurfaceTensionModels/SurfaceTensionModel/SurfaceTensionModel.C...
Parsing file /home/ehsan/OpenFOAM/ehsan-9/src/lagrangian/frontTracking/submodels/FrontTracking/SurfaceTensionModels/SurfaceTensionModel/SurfaceTensionModel.C...
Preprocessing /home/ehsan/OpenFOAM/ehsan-9/src/lagrangian/frontTracking/submodels/FrontTracking/SurfaceTensionModels/SurfaceTensionModel/SurfaceTensionModel.H...
Parsing file /home/ehsan/OpenFOAM/ehsan-9/src/lagrangian/frontTracking/submodels/FrontTracking/SurfaceTensionModels/SurfaceTensionModel/SurfaceTensionModel.H...
Preprocessing /home/ehsan/OpenFOAM/ehsan-9/src/lagrangian/frontTracking/submodels/FrontTracking/UndulationRemovalModels/NoUndulationRemoval/NoUndulationRemoval.C...
Parsing file /home/ehsan/OpenFOAM/ehsan-9/src/lagrangian/frontTracking/submodels/FrontTracking/UndulationRemovalModels/NoUndulationRemoval/NoUndulationRemoval.C...
Preprocessing /home/ehsan/OpenFOAM/ehsan-9/src/lagrangian/frontTracking/submodels/FrontTracking/UndulationRemovalModels/NoUndulationRemoval/NoUndulationRemoval.H...
Parsing file /home/ehsan/OpenFOAM/ehsan-9/src/lagrangian/frontTracking/submodels/FrontTracking/UndulationRemovalModels/NoUndulationRemoval/NoUndulationRemoval.H...
Preprocessing /home/ehsan/OpenFOAM/ehsan-9/src/lagrangian/frontTracking/submodels/FrontTracking/UndulationRemovalModels/TSUR3D/TSUR3D.C...
Parsing file /home/ehsan/OpenFOAM/ehsan-9/src/lagrangian/frontTracking/submodels/FrontTracking/UndulationRemovalModels/TSUR3D/TSUR3D.C...
Preprocessing /home/ehsan/OpenFOAM/ehsan-9/src/lagrangian/frontTracking/submodels/FrontTracking/UndulationRemovalModels/TSUR3D/TSUR3D.H...
Parsing file /home/ehsan/OpenFOAM/ehsan-9/src/lagrangian/frontTracking/submodels/FrontTracking/UndulationRemovalModels/TSUR3D/TSUR3D.H...
Preprocessing /home/ehsan/OpenFOAM/ehsan-9/src/lagrangian/frontTracking/submodels/FrontTracking/UndulationRemovalModels/UndulationRemovalModel/UndulationRemovalModel.C...
Parsing file /home/ehsan/OpenFOAM/ehsan-9/src/lagrangian/frontTracking/submodels/FrontTracking/UndulationRemovalModels/UndulationRemovalModel/UndulationRemovalModel.C...
Preprocessing /home/ehsan/OpenFOAM/ehsan-9/src/lagrangian/frontTracking/submodels/FrontTracking/UndulationRemovalModels/UndulationRemovalModel/UndulationRemovalModel.H...
Parsing file /home/ehsan/OpenFOAM/ehsan-9/src/lagrangian/frontTracking/submodels/FrontTracking/UndulationRemovalModels/UndulationRemovalModel/UndulationRemovalModel.H...
Preprocessing /home/ehsan/OpenFOAM/ehsan-9/src/lagrangian/frontTracking/submodels/FrontTracking/UndulationRemovalModels/VCSIII/VCSIII.C...
Parsing file /home/ehsan/OpenFOAM/ehsan-9/src/lagrangian/frontTracking/submodels/FrontTracking/UndulationRemovalModels/VCSIII/VCSIII.C...
Preprocessing /home/ehsan/OpenFOAM/ehsan-9/src/lagrangian/frontTracking/submodels/FrontTracking/UndulationRemovalModels/VCSIII/VCSIII.H...
Parsing file /home/ehsan/OpenFOAM/ehsan-9/src/lagrangian/frontTracking/submodels/FrontTracking/UndulationRemovalModels/VCSIII/VCSIII.H...
Preprocessing /home/ehsan/OpenFOAM/ehsan-9/src/lagrangian/frontTracking/submodels/FrontTracking/UndulationRemovalModels/VCSIV/VCSIV.C...
Parsing file /home/ehsan/OpenFOAM/ehsan-9/src/lagrangian/frontTracking/submodels/FrontTracking/UndulationRemovalModels/VCSIV/VCSIV.C...
Preprocessing /home/ehsan/OpenFOAM/ehsan-9/src/lagrangian/frontTracking/submodels/FrontTracking/UndulationRemovalModels/VCSIV/VCSIV.H...
Parsing file /home/ehsan/OpenFOAM/ehsan-9/src/lagrangian/frontTracking/submodels/FrontTracking/UndulationRemovalModels/VCSIV/VCSIV.H...
Preprocessing /home/ehsan/OpenFOAM/ehsan-9/src/lagrangian/frontTracking/submodels/FrontTracking/VolumeCorrectionModels/NoVolumeCorrection/NoVolumeCorrection.C...
Parsing file /home/ehsan/OpenFOAM/ehsan-9/src/lagrangian/frontTracking/submodels/FrontTracking/VolumeCorrectionModels/NoVolumeCorrection/NoVolumeCorrection.C...
Preprocessing /home/ehsan/OpenFOAM/ehsan-9/src/lagrangian/frontTracking/submodels/FrontTracking/VolumeCorrectionModels/NoVolumeCorrection/NoVolumeCorrection.H...
Parsing file /home/ehsan/OpenFOAM/ehsan-9/src/lagrangian/frontTracking/submodels/FrontTracking/VolumeCorrectionModels/NoVolumeCorrection/NoVolumeCorrection.H...
Preprocessing /home/ehsan/OpenFOAM/ehsan-9/src/lagrangian/frontTracking/submodels/FrontTracking/VolumeCorrectionModels/VC2/VC2.C...
Parsing file /home/ehsan/OpenFOAM/ehsan-9/src/lagrangian/frontTracking/submodels/FrontTracking/VolumeCorrectionModels/VC2/VC2.C...
Preprocessing /home/ehsan/OpenFOAM/ehsan-9/src/lagrangian/frontTracking/submodels/FrontTracking/VolumeCorrectionModels/VC2/VC2.H...
Parsing file /home/ehsan/OpenFOAM/ehsan-9/src/lagrangian/frontTracking/submodels/FrontTracking/VolumeCorrectionModels/VC2/VC2.H...
Preprocessing /home/ehsan/OpenFOAM/ehsan-9/src/lagrangian/frontTracking/submodels/FrontTracking/VolumeCorrectionModels/VolumeCorrectionModel/VolumeCorrectionModel.C...
Parsing file /home/ehsan/OpenFOAM/ehsan-9/src/lagrangian/frontTracking/s/home/ehsan/OpenFOAM/ehsan-9/src/lagrangian/frontTracking/lnInclude/FrontTrackingParcelIO.C:33: warning: documented symbol `Foam::string Foam::FrontTrackingParcel< ParcelType >::propertyList_' was not declared or defined.
/home/ehsan/OpenFOAM/ehsan-9/src/lagrangian/frontTracking/lnInclude/FrontTrackingParcelIO.C:170: warning: no matching file member found for 
Foam::Ostream & Foam::operator<<(Ostream &os, const Foam::FrontTrackingParcel< ParcelType > &p)
Possible candidates:
 'Ostream & operator<<(Ostream &, const FrontTrackingParcel< ParcelType > &)' at line 63 of file/home/ehsan/OpenFOAM/ehsan-9/src/lagrangian/frontTracking/lnInclude/FrontTrackingParcel.H

/home/ehsan/OpenFOAM/ehsan-9/src/lagrangian/frontTracking/parcels/Templates/FrontTrackingParcel/FrontTrackingParcelIO.C:33: warning: documented symbol `Foam::string Foam::FrontTrackingParcel< ParcelType >::propertyList_' was not declared or defined.
/home/ehsan/OpenFOAM/ehsan-9/src/lagrangian/frontTracking/parcels/Templates/FrontTrackingParcel/FrontTrackingParcelIO.C:170: warning: no matching file member found for 
Foam::Ostream & Foam::operator<<(Ostream &os, const Foam::FrontTrackingParcel< ParcelType > &p)
Possible candidates:
 'Ostream & operator<<(Ostream &, const FrontTrackingParcel< ParcelType > &)' at line 63 of file/home/ehsan/OpenFOAM/ehsan-9/src/lagrangian/frontTracking/lnInclude/FrontTrackingParcel.H

ubmodels/FrontTracking/VolumeCorrectionModels/VolumeCorrectionModel/VolumeCorrectionModel.C...
Preprocessing /home/ehsan/OpenFOAM/ehsan-9/src/lagrangian/frontTracking/submodels/FrontTracking/VolumeCorrectionModels/VolumeCorrectionModel/VolumeCorrectionModel.H...
Parsing file /home/ehsan/OpenFOAM/ehsan-9/src/lagrangian/frontTracking/submodels/FrontTracking/VolumeCorrectionModels/VolumeCorrectionModel/VolumeCorrectionModel.H...
Building group list...
Building directory list...
Building namespace list...
Building file list...
Building class list...
Associating documentation with classes...
Computing nesting relations for classes...
Building example list...
Searching for enumerations...
Searching for documented typedefs...
Searching for members imported via using declarations...
Searching for included using directives...
Searching for documented variables...
Building interface member list...
Building member list...
Searching for friends...
Searching for documented defines...
Computing class inheritance relations...
Computing class usage relations...
Flushing cached template relations that have become invalid...
Computing class relations...
Add enum values to enums...
Searching for member function documentation...
Creating members for template instances...
Building page list...
Search for main page...
Computing page relations...
Determining the scope of groups...
Sorting lists...
Freeing entry tree
Determining which enums are documented
Computing member relations...
Building full member lists recursively...
Adding members to member groups.
Computing member references...
Inheriting documentation...
Generating disk names...
Adding source references...
Adding xrefitems...
Sorting member lists...
Computing dependencies between directories...
Generating citations page...
Counting data structures...
Resolving user defined references...
Finding anchors and sections in the documentation...
Transferring function references...
Combining using relations...
Adding members to index pages...
Generating style sheet...
Generating search indices...
Generating example documentation...
Generating file sources...
Parsing code for file clouds/derived/frontTrackingCloud/frontTrackingCloud.C...
Parsing code for file lnInclude/frontTrackingCloud.C...
Generating code for file clouds/derived/frontTrackingCloud/frontTrackingCloud.H...
Generating code for file lnInclude/frontTrackingCloud.H...
Parsing code for file clouds/Templates/FrontTrackingCloud/bubbleData/bubbleData.C...
Parsing code for file lnInclude/bubbleData.C...
Generating code for file clouds/Templates/FrontTrackingCloud/bubbleData/bubbleData.H...
Generating code for file lnInclude/bubbleData.H...
Generating code for file clouds/Templates/FrontTrackingCloud/bubbleData/bubbleDataI.H...
Generating code for file lnInclude/bubbleDataI.H...
Parsing code for file clouds/Templates/FrontTrackingCloud/FrontTrackingCloud.C...
Parsing code for file lnInclude/FrontTrackingCloud.C...
Generating code for file clouds/Templates/FrontTrackingCloud/FrontTrackingCloud.H...
Generating code for file lnInclude/FrontTrackingCloud.H...
Generating code for file clouds/Templates/FrontTrackingCloud/FrontTrackingCloudI.H...
Generating code for file lnInclude/FrontTrackingCloudI.H...
Parsing code for file clouds/Templates/FrontTrackingCloud/FrontTrackingCloudName.C...
Parsing code for file lnInclude/FrontTrackingCloudName.C...
Parsing code for file lnInclude/BaseF2FModel.C...
Parsing code for file submodels/FrontTracking/FrontToFieldModels/BaseF2FModel/BaseF2FModel.C...
Generating code for file lnInclude/BaseF2FModel.H...
Generating code for file submodels/FrontTracking/FrontToFieldModels/BaseF2FModel/BaseF2FModel.H...
Parsing code for file lnInclude/CPT.C...
Parsing code for file submodels/FrontTracking/FrontToFieldModels/CPT/CPT.C...
Generating code for file lnInclude/CPT.H...
Generating code for file submodels/FrontTracking/FrontToFieldModels/CPT/CPT.H...
Parsing code for file lnInclude/DirectElementBased.C...
Parsing code for file submodels/FrontTracking/SurfaceTensionModels/DirectElementBased/DirectElementBased.C...
Generating code for file lnInclude/DirectElementBased.H...
Generating code for file submodels/FrontTracking/SurfaceTensionModels/DirectElementBased/DirectElementBased.H...
Parsing code for file lnInclude/FrontToFieldModel.C...
Parsing code for file submodels/FrontTracking/FrontToFieldModels/FrontToFieldModel/FrontToFieldModel.C...
Generating code for file lnInclude/FrontToFieldModel.H...
Generating code for file submodels/FrontTracking/FrontToFieldModels/FrontToFieldModel/FrontToFieldModel.H...
Parsing code for file lnInclude/FrontTrackingParcel.C...
Parsing code for file parcels/Templates/FrontTrackingParcel/FrontTrackingParcel.C...
Generating code for file lnInclude/FrontTrackingParcel.H...
Generating code for file parcels/Templates/FrontTrackingParcel/FrontTrackingParcel.H...
Generating code for file lnInclude/frontTrackingParcel.H...
Generating code for file parcels/derived/frontTrackingParcel/frontTrackingParcel.H...
Generating code for file lnInclude/FrontTrackingParcelI.H...
Generating code for file parcels/Templates/FrontTrackingParcel/FrontTrackingParcelI.H...
Parsing code for file lnInclude/FrontTrackingParcelIO.C...
Parsing code for file parcels/Templates/FrontTrackingParcel/FrontTrackingParcelIO.C...
Parsing code for file lnInclude/FrontTrackingParcelName.C...
Parsing code for file parcels/Templates/FrontTrackingParcel/FrontTrackingParcelName.C...
Generating code for file lnInclude/FrontTrackingParcelTrackingDataI.H...
Generating code for file parcels/Templates/FrontTrackingParcel/FrontTrackingParcelTrackingDataI.H...
Generating code for file lnInclude/makeFrontTrackingParcelFrontToFieldModels.H...
Generating code for file parcels/include/makeFrontTrackingParcelFrontToFieldModels.H...
Parsing code for file lnInclude/makeFrontTrackingParcelSubmodels.C...
Parsing code for file parcels/derived/frontTrackingParcel/makeFrontTrackingParcelSubmodels.C...
Generating code for file lnInclude/makeFrontTrackingParcelSurfaceTensionModels.H...
Generating code for file parcels/include/makeFrontTrackingParcelSurfaceTensionModels.H...
Generating code for file lnInclude/makeFrontTrackingParcelUndulationRemovalModels.H...
Generating code for file parcels/include/makeFrontTrackingParcelUndulationRemovalModels.H...
Generating code for file lnInclude/makeFrontTrackingParcelVolumeCorrectionModels.H...
Generating code for file parcels/include/makeFrontTrackingParcelVolumeCorrectionModels.H...
Parsing code for file lnInclude/NoFrontToField.C...
Parsing code for file submodels/FrontTracking/FrontToFieldModels/NoFrontToField/NoFrontToField.C...
Generating code for file lnInclude/NoFrontToField.H...
Generating code for file submodels/FrontTracking/FrontToFieldModels/NoFrontToField/NoFrontToField.H...
Parsing code for file lnInclude/NoSurfaceTension.C...
Parsing code for file submodels/FrontTracking/SurfaceTensionModels/NoSurfaceTension/NoSurfaceTension.C...
Generating code for file lnInclude/NoSurfaceTension.H...
Generating code for file submodels/FrontTracking/SurfaceTensionModels/NoSurfaceTension/NoSurfaceTension.H...
Parsing code for file lnInclude/NoUndulationRemoval.C...
Parsing code for file submodels/FrontTracking/UndulationRemovalModels/NoUndulationRemoval/NoUndulationRemoval.C...
Generating code for file lnInclude/NoUndulationRemoval.H...
Generating code for file submodels/FrontTracking/UndulationRemovalModels/NoUndulationRemoval/NoUndulationRemoval.H...
Parsing code for file lnInclude/NoVolumeCorrection.C...
Parsing code for file submodels/FrontTracking/VolumeCorrectionModels/NoVolumeCorrection/NoVolumeCorrection.C...
Generating code for file lnInclude/NoVolumeCorrection.H...
Generating code for file submodels/FrontTracking/VolumeCorrectionModels/NoVolumeCorrection/NoVolumeCorrection.H...
Parsing code for file lnInclude/Poisson.C...
Parsing code for file submodels/FrontTracking/FrontToFieldModels/Poisson/Poisson.C...
Generating code for file lnInclude/Poisson.H...
Generating code for file submodels/FrontTracking/FrontToFieldModels/Poisson/Poisson.H...
Parsing code for file lnInclude/SurfaceTensionModel.C...
Parsing code for file submodels/FrontTracking/SurfaceTensionModels/SurfaceTensionModel/SurfaceTensionModel.C...
Generating code for file lnInclude/SurfaceTensionModel.H...
Generating code for file submodels/FrontTracking/SurfaceTensionModels/SurfaceTensionModel/SurfaceTensionModel.H...
Parsing code for file lnInclude/TSUR3D.C...
Parsing code for file submodels/FrontTracking/UndulationRemovalModels/TSUR3D/TSUR3D.C...
Generating code for file lnInclude/TSUR3D.H...
Generating code for file submodels/FrontTracking/UndulationRemovalModels/TSUR3D/TSUR3D.H...
Parsing code for file lnInclude/UndulationRemovalModel.C...
Parsing code for file submodels/FrontTracking/UndulationRemovalModels/UndulationRemovalModel/UndulationRemovalModel.C...
Generating code for file lnInclude/UndulationRemovalModel.H...
Generating code for file submodels/FrontTracking/UndulationRemovalModels/UndulationRemovalModel/UndulationRemovalModel.H...
Parsing code for file lnInclude/VC2.C...
Parsing code for file submodels/FrontTracking/VolumeCorrectionModels/VC2/VC2.C...
Generating code for file lnInclude/VC2.H...
Generating code for file submodels/FrontTracking/VolumeCorrectionModels/VC2/VC2.H...
Parsing code for file lnInclude/VCSIII.C...
Parsing code for file submodels/FrontTracking/UndulationRemovalModels/VCSIII/VCSIII.C...
Generating code for file lnInclude/VCSIII.H...
Generating code for file submodels/FrontTracking/UndulationRemovalModels/VCSIII/VCSIII.H...
Parsing code for file lnInclude/VCSIV.C...
Parsing code for file submodels/FrontTracking/UndulationRemovalModels/VCSIV/VCSIV.C...
Generating code for file lnInclude/VCSIV.H...
Generating code for file submodels/FrontTracking/UndulationRemovalModels/VCSIV/VCSIV.H...
Parsing code for file lnInclude/VolumeCorrectionModel.C...
Parsing code for file submodels/FrontTracking/VolumeCorrectionModels/VolumeCorrectionModel/VolumeCorrectionModel.C...
Generating code for file lnInclude/VolumeCorrectionModel.H...
Generating code for file submodels/FrontTracking/VolumeCorrectionModels/VolumeCorrectionModel/VolumeCorrectionModel.H...
Generating file documentation...
Generating docs for file clouds/derived/frontTrackingCloud/frontTrackingCloud.C...
Generating docs for file lnInclude/frontTrackingCloud.C...
Generating docs for file clouds/derived/frontTrackingCloud/frontTrackingCloud.H...
Generating docs for file lnInclude/frontTrackingCloud.H...
Generating docs for file clouds/Templates/FrontTrackingCloud/bubbleData/bubbleData.C...
Generating docs for file lnInclude/bubbleData.C...
Generating docs for file clouds/Templates/FrontTrackingCloud/bubbleData/bubbleData.H...
Generating docs for file lnInclude/bubbleData.H...
Generating docs for file clouds/Templates/FrontTrackingCloud/bubbleData/bubbleDataI.H...
Generating docs for file lnInclude/bubbleDataI.H...
Generating docs for file clouds/Templates/FrontTrackingCloud/FrontTrackingCloud.C...
Generating docs for file lnInclude/FrontTrackingCloud.C...
Generating docs for file clouds/Templates/FrontTrackingCloud/FrontTrackingCloud.H...
Generating docs for file lnInclude/FrontTrackingCloud.H...
Generating docs for file clouds/Templates/FrontTrackingCloud/FrontTrackingCloudI.H...
Generating docs for file lnInclude/FrontTrackingCloudI.H...
Generating docs for file clouds/Templates/FrontTrackingCloud/FrontTrackingCloudName.C...
Generating docs for file lnInclude/FrontTrackingCloudName.C...
Generating docs for file lnInclude/BaseF2FModel.C...
Generating docs for file submodels/FrontTracking/FrontToFieldModels/BaseF2FModel/BaseF2FModel.C...
Generating docs for file lnInclude/BaseF2FModel.H...
Generating docs for file submodels/FrontTracking/FrontToFieldModels/BaseF2FModel/BaseF2FModel.H...
Generating docs for file lnInclude/CPT.C...
Generating docs for file submodels/FrontTracking/FrontToFieldModels/CPT/CPT.C...
Generating docs for file lnInclude/CPT.H...
Generating docs for file submodels/FrontTracking/FrontToFieldModels/CPT/CPT.H...
Generating docs for file lnInclude/DirectElementBased.C...
Generating docs for file submodels/FrontTracking/SurfaceTensionModels/DirectElementBased/DirectElementBased.C...
Generating docs for file lnInclude/DirectElementBased.H...
Generating docs for file submodels/FrontTracking/SurfaceTensionModels/DirectElementBased/DirectElementBased.H...
Generating docs for file lnInclude/FrontToFieldModel.C...
Generating docs for file submodels/FrontTracking/FrontToFieldModels/FrontToFieldModel/FrontToFieldModel.C...
Generating docs for file lnInclude/FrontToFieldModel.H...
Generating docs for file submodels/FrontTracking/FrontToFieldModels/FrontToFieldModel/FrontToFieldModel.H...
Generating docs for file lnInclude/FrontTrackingParcel.C...
Generating docs for file parcels/Templates/FrontTrackingParcel/FrontTrackingParcel.C...
Generating docs for file lnInclude/FrontTrackingParcel.H...
Generating docs for file parcels/Templates/FrontTrackingParcel/FrontTrackingParcel.H...
Generating docs for file lnInclude/frontTrackingParcel.H...
Generating docs for file parcels/derived/frontTrackingParcel/frontTrackingParcel.H...
Generating docs for file lnInclude/FrontTrackingParcelI.H...
Generating docs for file parcels/Templates/FrontTrackingParcel/FrontTrackingParcelI.H...
Generating docs for file lnInclude/FrontTrackingParcelIO.C...
Generating docs for file parcels/Templates/FrontTrackingParcel/FrontTrackingParcelIO.C...
Generating docs for file lnInclude/FrontTrackingParcelName.C...
Generating docs for file parcels/Templates/FrontTrackingParcel/FrontTrackingParcelName.C...
Generating docs for file lnInclude/FrontTrackingParcelTrackingDataI.H...
Generating docs for file parcels/Templates/FrontTrackingParcel/FrontTrackingParcelTrackingDataI.H...
Generating docs for file lnInclude/makeFrontTrackingParcelFrontToFieldModels.H...
Generating docs for file parcels/include/makeFrontTrackingParcelFrontToFieldModels.H...
Generating docs for file lnInclude/makeFrontTrackingParcelSubmodels.C...
Generating docs for file parcels/derived/frontTrackingParcel/makeFrontTrackingParcelSubmodels.C...
Generating docs for file lnInclude/makeFrontTrackingParcelSurfaceTensionModels.H...
Generating docs for file parcels/include/makeFrontTrackingParcelSurfaceTensionModels.H...
Generating docs for file lnInclude/makeFrontTrackingParcelUndulationRemovalModels.H...
Generating docs for file parcels/include/makeFrontTrackingParcelUndulationRemovalModels.H...
Generating docs for file lnInclude/makeFrontTrackingParcelVolumeCorrectionModels.H...
Generating docs for file parcels/include/makeFrontTrackingParcelVolumeCorrectionModels.H...
Generating docs for file lnInclude/NoFrontToField.C...
Generating docs for file submodels/FrontTracking/FrontToFieldModels/NoFrontToField/NoFrontToField.C...
Generating docs for file lnInclude/NoFrontToField.H...
Generating docs for file submodels/FrontTracking/FrontToFieldModels/NoFrontToField/NoFrontToField.H...
Generating docs for file lnInclude/NoSurfaceTension.C...
Generating docs for file submodels/FrontTracking/SurfaceTensionModels/NoSurfaceTension/NoSurfaceTension.C...
Generating docs for file lnInclude/NoSurfaceTension.H...
Generating docs for file submodels/FrontTracking/SurfaceTensionModels/NoSurfaceTension/NoSurfaceTension.H...
Generating docs for file lnInclude/NoUndulationRemoval.C...
Generating docs for file submodels/FrontTracking/UndulationRemovalModels/NoUndulationRemoval/NoUndulationRemoval.C...
Generating docs for file lnInclude/NoUndulationRemoval.H...
Generating docs for file submodels/FrontTracking/UndulationRemovalModels/NoUndulationRemoval/NoUndulationRemoval.H...
Generating docs for file lnInclude/NoVolumeCorrection.C...
Generating docs for file submodels/FrontTracking/VolumeCorrectionModels/NoVolumeCorrection/NoVolumeCorrection.C...
Generating docs for file lnInclude/NoVolumeCorrection.H...
Generating docs for file submodels/FrontTracking/VolumeCorrectionModels/NoVolumeCorrection/NoVolumeCorrection.H...
Generating docs for file lnInclude/Poisson.C...
Generating docs for file submodels/FrontTracking/FrontToFieldModels/Poisson/Poisson.C...
Generating docs for file lnInclude/Poisson.H...
Generating docs for file submodels/FrontTracking/FrontToFieldModels/Poisson/Poisson.H...
Generating docs for file lnInclude/SurfaceTensionModel.C...
Generating docs for file submodels/FrontTracking/SurfaceTensionModels/SurfaceTensionModel/SurfaceTensionModel.C...
Generating docs for file lnInclude/SurfaceTensionModel.H...
Generating docs for file submodels/FrontTracking/SurfaceTensionModels/SurfaceTensionModel/SurfaceTensionModel.H...
Generating docs for file lnInclude/TSUR3D.C...
Generating docs for file submodels/FrontTracking/UndulationRemovalModels/TSUR3D/TSUR3D.C...
Generating docs for file lnInclude/TSUR3D.H...
Generating docs for file submodels/FrontTracking/UndulationRemovalModels/TSUR3D/TSUR3D.H...
Generating docs for file lnInclude/UndulationRemovalModel.C...
Generating docs for file submodels/FrontTracking/UndulationRemovalModels/UndulationRemovalModel/UndulationRemovalModel.C...
Generating docs for file lnInclude/UndulationRemovalModel.H...
Generating docs for file submodels/FrontTracking/UndulationRemovalModels/UndulationRemovalModel/UndulationRemovalModel.H...
Generating docs for file lnInclude/VC2.C...
Generating docs for file submodels/FrontTracking/VolumeCorrectionModels/VC2/VC2.C...
Generating docs for file lnInclude/VC2.H...
Generating docs for file submodels/FrontTracking/VolumeCorrectionModels/VC2/VC2.H...
Generating docs for file lnInclude/VCSIII.C...
Generating docs for file submodels/FrontTracking/UndulationRemovalModels/VCSIII/VCSIII.C...
Generating docs for file lnInclude/VCSIII.H...
Generating docs for file submodels/FrontTracking/UndulationRemovalModels/VCSIII/VCSIII.H...
Generating docs for file lnInclude/VCSIV.C...
Generating docs for file submodels/FrontTracking/UndulationRemovalModels/VCSIV/VCSIV.C...
Generating docs for file lnInclude/VCSIV.H...
Generating docs for file submodels/FrontTracking/UndulationRemovalModels/VCSIV/VCSIV.H...
Generating docs for file lnInclude/VolumeCorrectionModel.C...
Generating docs for file submodels/FrontTracking/VolumeCorrectionModels/VolumeCorrectionModel/VolumeCorrectionModel.C...
Generating docs for file lnInclude/VolumeCorrectionModel.H...
Generating docs for file submodels/FrontTracking/VolumeCorrectionModels/VolumeCorrectionModel/VolumeCorrectionModel.H...
Generating page documentation...
Generating group documentation...
Generating class documentation...
Generating namespace index...
Generating docs for namespace Foam
Generating docs for compound Foam::bubbleData...
Generating caller graph for function Foam::bubbleData::findNighboures
Generating caller graph for function Foam::bubbleData::pointToElementMapping
Generating caller graph for function Foam::bubbleData::printInitialFronts
Generating call graph for function Foam::bubbleData::ptConnectedPoints
Generating caller graph for function Foam::bubbleData::ptConnectedPoints
Generating caller graph for function Foam::bubbleData::startPtIndexFromZero
Generating call graph for function Foam::bubbleData::updateBubbleSurface
Generating caller graph for function Foam::bubbleData::updateBubbleSurface
Generating caller graph for function Foam::bubbleData::updateBubbleVolume
Generating docs for compound Foam::elementInfo...
Generating caller graph for function Foam::elementInfo::findPointsOrder
Generating caller graph for function Foam::elementInfo::updateElementSurfaceArea
Generating docs for compound Foam::FrontToFieldModel...
Generating caller graph for function Foam::FrontToFieldModel::FrontToFieldModel
Generating call graph for function Foam::FrontToFieldModel::FrontToFieldModel
Generating call graph for function Foam::FrontToFieldModel::~FrontToFieldModel
Generating caller graph for function Foam::FrontToFieldModel::New
Generating docs for compound Foam::FrontTrackingCloud...
Generating caller graph for function Foam::FrontTrackingCloud::FrontTrackingCloud
Generating call graph for function Foam::FrontTrackingCloud::FrontTrackingCloud
Generating call graph for function Foam::FrontTrackingCloud::FrontTrackingCloud
Generating call graph for function Foam::FrontTrackingCloud::adjustingTheCloudDataAfterChanges
Generating caller graph for function Foam::FrontTrackingCloud::adjustingTheCloudDataAfterChanges
Generating call graph for function Foam::FrontTrackingCloud::cloudCopy
Generating call graph for function Foam::FrontTrackingCloud::constructingInitialFront
Generating call graph for function Foam::FrontTrackingCloud::evolve
Generating caller graph for function Foam::FrontTrackingCloud::frontCloudAdvection
Generating call graph for function Foam::FrontTrackingCloud::frontCoarsening
Generating caller graph for function Foam::FrontTrackingCloud::frontCoarsening
Generating call graph for function Foam::FrontTrackingCloud::frontRefining
Generating caller graph for function Foam::FrontTrackingCloud::frontRefining
Generating caller graph for function Foam::FrontTrackingCloud::isElementRefined
Generating caller graph for function Foam::FrontTrackingCloud::isElementSmall
Generating call graph for function Foam::FrontTrackingCloud::mapFrontToParcel
Generating caller graph for function Foam::FrontTrackingCloud::mapPointToParcel
Generating caller graph for function Foam::FrontTrackingCloud::motion
Generating call graph for function Foam::FrontTrackingCloud::processingThefrontMeshes
Generating call graph for function Foam::FrontTrackingCloud::readDataOfTheFrontsAtTheCurrentTimeIntimeName
Generating call graph for function Foam::FrontTrackingCloud::searchAllCellsInEeachMasket
Generating call graph for function Foam::FrontTrackingCloud::setCRFlags
Generating call graph for function Foam::FrontTrackingCloud::setModels
Generating call graph for function Foam::FrontTrackingCloud::updateDensityFromFT
Generating caller graph for function Foam::FrontTrackingCloud::updateDensityFromFT
Generating caller graph for function Foam::FrontTrackingCloud::updateElCentrePosInDomain
Generating call graph for function Foam::FrontTrackingCloud::updateParcelsFromFront
Generating caller graph for function Foam::FrontTrackingCloud::updateParcelsFromFront
Generating call graph for function Foam::FrontTrackingCloud::updatePlPosInDomain
Generating caller graph for function Foam::FrontTrackingCloud::updatePlPosInDomain
Generating caller graph for function Foam::FrontTrackingCloud::updateViscosityFromFT
Generating call graph for function Foam::FrontTrackingCloud::writeDataOfTheFrontsAtTheOutputTimeIntimeName
Generating docs for compound Foam::FrontTrackingParcel...
Generating caller graph for function Foam::FrontTrackingParcel::FrontTrackingParcel
Generating call graph for function Foam::FrontTrackingParcel::FrontTrackingParcel
Generating call graph for function Foam::FrontTrackingParcel::FrontTrackingParcel
Generating caller graph for function Foam::FrontTrackingParcel::bubbleIndex
Generating call graph for function Foam::FrontTrackingParcel::calc
Generating caller graph for function Foam::FrontTrackingParcel::calc
Generating call graph for function Foam::FrontTrackingParcel::cellValueSourceCorrection
Generating caller graph for function Foam::FrontTrackingParcel::cellValueSourceCorrection
Generating call graph for function Foam::FrontTrackingParcel::clone
Generating call graph for function Foam::FrontTrackingParcel::clone
Generating call graph for function Foam::FrontTrackingParcel::clone
Generating call graph for function Foam::FrontTrackingParcel::clone
Generating caller graph for function Foam::FrontTrackingParcel::currentIndex
Generating call graph for function Foam::FrontTrackingParcel::move
Generating caller graph for function Foam::FrontTrackingParcel::move
Generating caller graph for function Foam::FrontTrackingParcel::moveDistance
Generating caller graph for function Foam::FrontTrackingParcel::readFields
Generating call graph for function Foam::FrontTrackingParcel::setCellValues
Generating caller graph for function Foam::FrontTrackingParcel::setCellValues
Generating call graph for function Foam::FrontTrackingParcel::writeFields
Generating caller graph for function Foam::FrontTrackingParcel::writeFields
Generating docs for nested compound Foam::FrontTrackingParcel::iNew...
Generating call graph for function Foam::FrontTrackingParcel::iNew::operator()
Generating call graph for function Foam::FrontTrackingParcel::iNew::operator()
Generating docs for nested compound Foam::FrontTrackingParcel::trackingData...
Generating caller graph for function Foam::FrontTrackingParcel::trackingData::part
Generating docs for compound Foam::pointData...
Generating docs for compound Foam::SurfaceTensionModel...
Generating caller graph for function Foam::SurfaceTensionModel::SurfaceTensionModel
Generating call graph for function Foam::SurfaceTensionModel::SurfaceTensionModel
Generating call graph for function Foam::SurfaceTensionModel::~SurfaceTensionModel
Generating caller graph for function Foam::SurfaceTensionModel::New
Generating docs for compound Foam::UndulationRemovalModel...
Generating caller graph for function Foam::UndulationRemovalModel::UndulationRemovalModel
Generating call graph for function Foam::UndulationRemovalModel::UndulationRemovalModel
Generating call graph for function Foam::UndulationRemovalModel::~UndulationRemovalModel
Generating caller graph for function Foam::UndulationRemovalModel::New
Generating docs for compound Foam::VolumeCorrectionModel...
Generating caller graph for function Foam::VolumeCorrectionModel::VolumeCorrectionModel
Generating call graph for function Foam::VolumeCorrectionModel::VolumeCorrectionModel
Generating call graph for function Foam::VolumeCorrectionModel::~VolumeCorrectionModel
Generating caller graph for function Foam::VolumeCorrectionModel::New
Generating docs for namespace Foam::FrontToFieldModels
Generating docs for compound Foam::FrontToFieldModels::BaseF2FModel...
Generating call graph for function Foam::FrontToFieldModels::BaseF2FModel::adjustingTheImportantVarsForIndicators
Generating caller graph for function Foam::FrontToFieldModels::BaseF2FModel::LiuHeviside
Generating docs for compound Foam::FrontToFieldModels::CPT...
Generating caller graph for function Foam::FrontToFieldModels::CPT::CPT
Generating caller graph for function Foam::FrontToFieldModels::CPT::~CPT
Generating call graph for function Foam::FrontToFieldModels::CPT::clone
Generating call graph for function Foam::FrontToFieldModels::CPT::clone
Generating caller graph for function Foam::FrontToFieldModels::CPT::collectFields
Generating caller graph for function Foam::FrontToFieldModels::CPT::IndicatorsConstruction
Generating call graph for function Foam::FrontToFieldModels::CPT::initFields
Generating caller graph for function Foam::FrontToFieldModels::CPT::initFields
Generating caller graph for function Foam::FrontToFieldModels::CPT::initialAllocatingTheCPTList
Generating docs for nested compound Foam::FrontToFieldModels::CPT::CPTData...
Generating call graph for function Foam::FrontToFieldModels::CPT::CPTData::CPTData
Generating docs for compound Foam::FrontToFieldModels::NoFrontToField...
Generating caller graph for function Foam::FrontToFieldModels::NoFrontToField::~NoFrontToField
Generating caller graph for function Foam::FrontToFieldModels::NoFrontToField::calculate
Generating call graph for function Foam::FrontToFieldModels::NoFrontToField::clone
Generating call graph for function Foam::FrontToFieldModels::NoFrontToField::clone
Generating docs for compound Foam::FrontToFieldModels::Poisson...
Generating caller graph for function Foam::FrontToFieldModels::Poisson::~Poisson
Generating call graph for function Foam::FrontToFieldModels::Poisson::clone
Generating call graph for function Foam::FrontToFieldModels::Poisson::clone
Generating caller graph for function Foam::FrontToFieldModels::Poisson::collectFields
Generating caller graph for function Foam::FrontToFieldModels::Poisson::IndicatorsConstruction
Generating call graph for function Foam::FrontToFieldModels::Poisson::initFields
Generating caller graph for function Foam::FrontToFieldModels::Poisson::initFields
Generating docs for namespace Foam::SurfaceTensionModels
Generating docs for compound Foam::SurfaceTensionModels::DirectElementBased...
Generating caller graph for function Foam::SurfaceTensionModels::DirectElementBased::~DirectElementBased
Generating caller graph for function Foam::SurfaceTensionModels::DirectElementBased::calculate
Generating call graph for function Foam::SurfaceTensionModels::DirectElementBased::clone
Generating call graph for function Foam::SurfaceTensionModels::DirectElementBased::clone
Generating docs for compound Foam::SurfaceTensionModels::NoSurfaceTension...
Generating caller graph for function Foam::SurfaceTensionModels::NoSurfaceTension::~NoSurfaceTension
Generating caller graph for function Foam::SurfaceTensionModels::NoSurfaceTension::calculate
Generating call graph for function Foam::SurfaceTensionModels::NoSurfaceTension::clone
Generating call graph for function Foam::SurfaceTensionModels::NoSurfaceTension::clone
Generating docs for namespace Foam::UndulationRemovalModels
Generating docs for compound Foam::UndulationRemovalModels::NoUndulationRemoval...
Generating caller graph for function Foam::UndulationRemovalModels::NoUndulationRemoval::~NoUndulationRemoval
Generating caller graph for function Foam::UndulationRemovalModels::NoUndulationRemoval::calculate
Generating call graph for function Foam::UndulationRemovalModels::NoUndulationRemoval::clone
Generating call graph for function Foam::UndulationRemovalModels::NoUndulationRemoval::clone
Generating docs for compound Foam::UndulationRemovalModels::TSUR3D...
Generating caller graph for function Foam::UndulationRemovalModels::TSUR3D::~TSUR3D
Generating caller graph for function Foam::UndulationRemovalModels::TSUR3D::calculate
Generating call graph for function Foam::UndulationRemovalModels::TSUR3D::clone
Generating call graph for function Foam::UndulationRemovalModels::TSUR3D::clone
Generating docs for compound Foam::UndulationRemovalModels::VCSIII...
Generating caller graph for function Foam::UndulationRemovalModels::VCSIII::~VCSIII
Generating caller graph for function Foam::UndulationRemovalModels::VCSIII::calculate
Generating call graph for function Foam::UndulationRemovalModels::VCSIII::clone
Generating call graph for function Foam::UndulationRemovalModels::VCSIII::clone
Generating docs for compound Foam::UndulationRemovalModels::VCSIV...
Generating caller graph for function Foam::UndulationRemovalModels::VCSIV::~VCSIV
Generating call graph for function Foam::UndulationRemovalModels::VCSIV::calculate
Generating caller graph for function Foam::UndulationRemovalModels::VCSIV::calculate
Generating call graph for function Foam::UndulationRemovalModels::VCSIV::clone
Generating call graph for function Foam::UndulationRemovalModels::VCSIV::clone
Generating caller graph for function Foam::UndulationRemovalModels::VCSIV::smoothTo
Generating docs for namespace Foam::VolumeCorrectionModels
Generating docs for compound Foam::VolumeCorrectionModels::NoVolumeCorrection...
Generating caller graph for function Foam::VolumeCorrectionModels::NoVolumeCorrection::~NoVolumeCorrection
Generating caller graph for function Foam::VolumeCorrectionModels::NoVolumeCorrection::calculate
Generating call graph for function Foam::VolumeCorrectionModels::NoVolumeCorrection::clone
Generating call graph for function Foam::VolumeCorrectionModels::NoVolumeCorrection::clone
Generating docs for compound Foam::VolumeCorrectionModels::VC2...
Generating caller graph for function Foam::VolumeCorrectionModels::VC2::~VC2
Generating caller graph for function Foam::VolumeCorrectionModels::VC2::calculate
Generating call graph for function Foam::VolumeCorrectionModels::VC2::clone
Generating call graph for function Foam::VolumeCorrectionModels::VC2::clone
Generating graph info page...
Generating directory documentation...
Generating index page...
Generating page index...
Generating module index...
Generating namespace index...
Generating namespace member index...
Generating annotated compound index...
Generating alphabetical compound index...
Generating hierarchical class index...
Generating graphical class hierarchy...
Generating member index...
Generating file index...
Generating file member index...
Generating example index...
finalizing index lists...
writing tag file...
Running dot...
Generating dot graphs using 5 parallel threads...
Running dot for graph 1/383
Running dot for graph 2/383
Running dot for graph 3/383
Running dot for graph 4/383
Running dot for graph 5/383
Running dot for graph 6/383
Running dot for graph 7/383
Running dot for graph 8/383
Running dot for graph 9/383
Running dot for graph 10/383
Running dot for graph 11/383
Running dot for graph 12/383
Running dot for graph 13/383
Running dot for graph 14/383
Running dot for graph 15/383
Running dot for graph 16/383
Running dot for graph 17/383
Running dot for graph 18/383
Running dot for graph 19/383
Running dot for graph 20/383
Running dot for graph 21/383
Running dot for graph 22/383
Running dot for graph 23/383
Running dot for graph 24/383
Running dot for graph 25/383
Running dot for graph 26/383
Running dot for graph 27/383
Running dot for graph 28/383
Running dot for graph 29/383
Running dot for graph 30/383
Running dot for graph 31/383
Running dot for graph 32/383
Running dot for graph 33/383
Running dot for graph 34/383
Running dot for graph 35/383
Running dot for graph 36/383
Running dot for graph 37/383
Running dot for graph 38/383
Running dot for graph 39/383
Running dot for graph 40/383
Running dot for graph 41/383
Running dot for graph 42/383
Running dot for graph 43/383
Running dot for graph 44/383
Running dot for graph 45/383
Running dot for graph 46/383
Running dot for graph 47/383
Running dot for graph 48/383
Running dot for graph 49/383
Running dot for graph 50/383
Running dot for graph 51/383
Running dot for graph 52/383
Running dot for graph 53/383
Running dot for graph 54/383
Running dot for graph 55/383
Running dot for graph 56/383
Running dot for graph 57/383
Running dot for graph 58/383
Running dot for graph 59/383
Running dot for graph 60/383
Running dot for graph 61/383
Running dot for graph 62/383
Running dot for graph 63/383
Running dot for graph 64/383
Running dot for graph 65/383
Running dot for graph 66/383
Running dot for graph 67/383
Running dot for graph 68/383
Running dot for graph 69/383
Running dot for graph 70/383
Running dot for graph 71/383
Running dot for graph 72/383
Running dot for graph 73/383
Running dot for graph 74/383
Running dot for graph 75/383
Running dot for graph 76/383
Running dot for graph 77/383
Running dot for graph 78/383
Running dot for graph 79/383
Running dot for graph 80/383
Running dot for graph 81/383
Running dot for graph 82/383
Running dot for graph 83/383
Running dot for graph 84/383
Running dot for graph 85/383
Running dot for graph 86/383
Running dot for graph 87/383
Running dot for graph 88/383
Running dot for graph 89/383
Running dot for graph 90/383
Running dot for graph 91/383
Running dot for graph 92/383
Running dot for graph 93/383
Running dot for graph 94/383
Running dot for graph 95/383
Running dot for graph 96/383
Running dot for graph 97/383
Running dot for graph 98/383
Running dot for graph 99/383
Running dot for graph 100/383
Running dot for graph 101/383
Running dot for graph 102/383
Running dot for graph 103/383
Running dot for graph 104/383
Running dot for graph 105/383
Running dot for graph 106/383
Running dot for graph 107/383
Running dot for graph 108/383
Running dot for graph 109/383
Running dot for graph 110/383
Running dot for graph 111/383
Running dot for graph 112/383
Running dot for graph 113/383
Running dot for graph 114/383
Running dot for graph 115/383
Running dot for graph 116/383
Running dot for graph 117/383
Running dot for graph 118/383
Running dot for graph 119/383
Running dot for graph 120/383
Running dot for graph 121/383
Running dot for graph 122/383
Running dot for graph 123/383
Running dot for graph 124/383
Running dot for graph 125/383
Running dot for graph 126/383
Running dot for graph 127/383
Running dot for graph 128/383
Running dot for graph 129/383
Running dot for graph 130/383
Running dot for graph 131/383
Running dot for graph 132/383
Running dot for graph 133/383
Running dot for graph 134/383
Running dot for graph 135/383
Running dot for graph 136/383
Running dot for graph 137/383
Running dot for graph 138/383
Running dot for graph 139/383
Running dot for graph 140/383
Running dot for graph 141/383
Running dot for graph 142/383
Running dot for graph 143/383
Running dot for graph 144/383
Running dot for graph 145/383
Running dot for graph 146/383
Running dot for graph 147/383
Running dot for graph 148/383
Running dot for graph 149/383
Running dot for graph 150/383
Running dot for graph 151/383
Running dot for graph 152/383
Running dot for graph 153/383
Running dot for graph 154/383
Running dot for graph 155/383
Running dot for graph 156/383
Running dot for graph 157/383
Running dot for graph 158/383
Running dot for graph 159/383
Running dot for graph 160/383
Running dot for graph 161/383
Running dot for graph 162/383
Running dot for graph 163/383
Running dot for graph 164/383
Running dot for graph 165/383
Running dot for graph 166/383
Running dot for graph 167/383
Running dot for graph 168/383
Running dot for graph 169/383
Running dot for graph 170/383
Running dot for graph 171/383
Running dot for graph 172/383
Running dot for graph 173/383
Running dot for graph 174/383
Running dot for graph 175/383
Running dot for graph 176/383
Running dot for graph 177/383
Running dot for graph 178/383
Running dot for graph 179/383
Running dot for graph 180/383
Running dot for graph 181/383
Running dot for graph 182/383
Running dot for graph 183/383
Running dot for graph 184/383
Running dot for graph 185/383
Running dot for graph 186/383
Running dot for graph 187/383
Running dot for graph 188/383
Running dot for graph 189/383
Running dot for graph 190/383
Running dot for graph 191/383
Running dot for graph 192/383
Running dot for graph 193/383
Running dot for graph 194/383
Running dot for graph 195/383
Running dot for graph 196/383
Running dot for graph 197/383
Running dot for graph 198/383
Running dot for graph 199/383
Running dot for graph 200/383
Running dot for graph 201/383
Running dot for graph 202/383
Running dot for graph 203/383
Running dot for graph 204/383
Running dot for graph 205/383
Running dot for graph 206/383
Running dot for graph 207/383
Running dot for graph 208/383
Running dot for graph 209/383
Running dot for graph 210/383
Running dot for graph 211/383
Running dot for graph 212/383
Running dot for graph 213/383
Running dot for graph 214/383
Running dot for graph 215/383
Running dot for graph 216/383
Running dot for graph 217/383
Running dot for graph 218/383
Running dot for graph 219/383
Running dot for graph 220/383
Running dot for graph 221/383
Running dot for graph 222/383
Running dot for graph 223/383
Running dot for graph 224/383
Running dot for graph 225/383
Running dot for graph 226/383
Running dot for graph 227/383
Running dot for graph 228/383
Running dot for graph 229/383
Running dot for graph 230/383
Running dot for graph 231/383
Running dot for graph 232/383
Running dot for graph 233/383
Running dot for graph 234/383
Running dot for graph 235/383
Running dot for graph 236/383
Running dot for graph 237/383
Running dot for graph 238/383
Running dot for graph 239/383
Running dot for graph 240/383
Running dot for graph 241/383
Running dot for graph 242/383
Running dot for graph 243/383
Running dot for graph 244/383
Running dot for graph 245/383
Running dot for graph 246/383
Running dot for graph 247/383
Running dot for graph 248/383
Running dot for graph 249/383
Running dot for graph 250/383
Running dot for graph 251/383
Running dot for graph 252/383
Running dot for graph 253/383
Running dot for graph 254/383
Running dot for graph 255/383
Running dot for graph 256/383
Running dot for graph 257/383
Running dot for graph 258/383
Running dot for graph 259/383
Running dot for graph 260/383
Running dot for graph 261/383
Running dot for graph 262/383
Running dot for graph 263/383
Running dot for graph 264/383
Running dot for graph 265/383
Running dot for graph 266/383
Running dot for graph 267/383
Running dot for graph 268/383
Running dot for graph 269/383
Running dot for graph 270/383
Running dot for graph 271/383
Running dot for graph 272/383
Running dot for graph 273/383
Running dot for graph 274/383
Running dot for graph 275/383
Running dot for graph 276/383
Running dot for graph 277/383
Running dot for graph 278/383
Running dot for graph 279/383
Running dot for graph 280/383
Running dot for graph 281/383
Running dot for graph 282/383
Running dot for graph 283/383
Running dot for graph 284/383
Running dot for graph 285/383
Running dot for graph 286/383
Running dot for graph 287/383
Running dot for graph 288/383
Running dot for graph 289/383
Running dot for graph 290/383
Running dot for graph 291/383
Running dot for graph 292/383
Running dot for graph 293/383
Running dot for graph 294/383
Running dot for graph 295/383
Running dot for graph 296/383
Running dot for graph 297/383
Running dot for graph 298/383
Running dot for graph 299/383
Running dot for graph 300/383
Running dot for graph 301/383
Running dot for graph 302/383
Running dot for graph 303/383
Running dot for graph 304/383
Running dot for graph 305/383
Running dot for graph 306/383
Running dot for graph 307/383
Running dot for graph 308/383
Running dot for graph 309/383
Running dot for graph 310/383
Running dot for graph 311/383
Running dot for graph 312/383
Running dot for graph 313/383
Running dot for graph 314/383
Running dot for graph 315/383
Running dot for graph 316/383
Running dot for graph 317/383
Running dot for graph 318/383
Running dot for graph 319/383
Running dot for graph 320/383
Running dot for graph 321/383
Running dot for graph 322/383
Running dot for graph 323/383
Running dot for graph 324/383
Running dot for graph 325/383
Running dot for graph 326/383
Running dot for graph 327/383
Running dot for graph 328/383
Running dot for graph 329/383
Running dot for graph 330/383
Running dot for graph 331/383
Running dot for graph 332/383
Running dot for graph 333/383
Running dot for graph 334/383
Running dot for graph 335/383
Running dot for graph 336/383
Running dot for graph 337/383
Running dot for graph 338/383
Running dot for graph 339/383
Running dot for graph 340/383
Running dot for graph 341/383
Running dot for graph 342/383
Running dot for graph 343/383
Running dot for graph 344/383
Running dot for graph 345/383
Running dot for graph 346/383
Running dot for graph 347/383
Running dot for graph 348/383
Running dot for graph 349/383
Running dot for graph 350/383
Running dot for graph 351/383
Running dot for graph 352/383
Running dot for graph 353/383
Running dot for graph 354/383
Running dot for graph 355/383
Running dot for graph 356/383
Running dot for graph 357/383
Running dot for graph 358/383
Running dot for graph 359/383
Running dot for graph 360/383
Running dot for graph 361/383
Running dot for graph 362/383
Running dot for graph 363/383
Running dot for graph 364/383
Running dot for graph 365/383
Running dot for graph 366/383
Running dot for graph 367/383
Running dot for graph 368/383
Running dot for graph 369/383
Running dot for graph 370/383
Running dot for graph 371/383
Running dot for graph 372/383
Running dot for graph 373/383
Running dot for graph 374/383
Running dot for graph 375/383
Running dot for graph 376/383
Running dot for graph 377/383
Running dot for graph 378/383
Running dot for graph 379/383
Running dot for graph 380/383
Running dot for graph 381/383
Running dot for graph 382/383
Running dot for graph 383/383
Patching output file 1/485
Patching output file 2/485
Patching output file 3/485
Patching output file 4/485
Patching output file 5/485
Patching output file 6/485
Patching output file 7/485
Patching output file 8/485
Patching output file 9/485
Patching output file 10/485
Patching output file 11/485
Patching output file 12/485
Patching output file 13/485
Patching output file 14/485
Patching output file 15/485
Patching output file 16/485
Patching output file 17/485
Patching output file 18/485
Patching output file 19/485
Patching output file 20/485
Patching output file 21/485
Patching output file 22/485
Patching output file 23/485
Patching output file 24/485
Patching output file 25/485
Patching output file 26/485
Patching output file 27/485
Patching output file 28/485
Patching output file 29/485
Patching output file 30/485
Patching output file 31/485
Patching output file 32/485
Patching output file 33/485
Patching output file 34/485
Patching output file 35/485
Patching output file 36/485
Patching output file 37/485
Patching output file 38/485
Patching output file 39/485
Patching output file 40/485
Patching output file 41/485
Patching output file 42/485
Patching output file 43/485
Patching output file 44/485
Patching output file 45/485
Patching output file 46/485
Patching output file 47/485
Patching output file 48/485
Patching output file 49/485
Patching output file 50/485
Patching output file 51/485
Patching output file 52/485
Patching output file 53/485
Patching output file 54/485
Patching output file 55/485
Patching output file 56/485
Patching output file 57/485
Patching output file 58/485
Patching output file 59/485
Patching output file 60/485
Patching output file 61/485
Patching output file 62/485
Patching output file 63/485
Patching output file 64/485
Patching output file 65/485
Patching output file 66/485
Patching output file 67/485
Patching output file 68/485
Patching output file 69/485
Patching output file 70/485
Patching output file 71/485
Patching output file 72/485
Patching output file 73/485
Patching output file 74/485
Patching output file 75/485
Patching output file 76/485
Patching output file 77/485
Patching output file 78/485
Patching output file 79/485
Patching output file 80/485
Patching output file 81/485
Patching output file 82/485
Patching output file 83/485
Patching output file 84/485
Patching output file 85/485
Patching output file 86/485
Patching output file 87/485
Patching output file 88/485
Patching output file 89/485
Patching output file 90/485
Patching output file 91/485
Patching output file 92/485
Patching output file 93/485
Patching output file 94/485
Patching output file 95/485
Patching output file 96/485
Patching output file 97/485
Patching output file 98/485
Patching output file 99/485
Patching output file 100/485
Patching output file 101/485
Patching output file 102/485
Patching output file 103/485
Patching output file 104/485
Patching output file 105/485
Patching output file 106/485
Patching output file 107/485
Patching output file 108/485
Patching output file 109/485
Patching output file 110/485
Patching output file 111/485
Patching output file 112/485
Patching output file 113/485
Patching output file 114/485
Patching output file 115/485
Patching output file 116/485
Patching output file 117/485
Patching output file 118/485
Patching output file 119/485
Patching output file 120/485
Patching output file 121/485
Patching output file 122/485
Patching output file 123/485
Patching output file 124/485
Patching output file 125/485
Patching output file 126/485
Patching output file 127/485
Patching output file 128/485
Patching output file 129/485
Patching output file 130/485
Patching output file 131/485
Patching output file 132/485
Patching output file 133/485
Patching output file 134/485
Patching output file 135/485
Patching output file 136/485
Patching output file 137/485
Patching output file 138/485
Patching output file 139/485
Patching output file 140/485
Patching output file 141/485
Patching output file 142/485
Patching output file 143/485
Patching output file 144/485
Patching output file 145/485
Patching output file 146/485
Patching output file 147/485
Patching output file 148/485
Patching output file 149/485
Patching output file 150/485
Patching output file 151/485
Patching output file 152/485
Patching output file 153/485
Patching output file 154/485
Patching output file 155/485
Patching output file 156/485
Patching output file 157/485
Patching output file 158/485
Patching output file 159/485
Patching output file 160/485
Patching output file 161/485
Patching output file 162/485
Patching output file 163/485
Patching output file 164/485
Patching output file 165/485
Patching output file 166/485
Patching output file 167/485
Patching output file 168/485
Patching output file 169/485
Patching output file 170/485
Patching output file 171/485
Patching output file 172/485
Patching output file 173/485
Patching output file 174/485
Patching output file 175/485
Patching output file 176/485
Patching output file 177/485
Patching output file 178/485
Patching output file 179/485
Patching output file 180/485
Patching output file 181/485
Patching output file 182/485
Patching output file 183/485
Patching output file 184/485
Patching output file 185/485
Patching output file 186/485
Patching output file 187/485
Patching output file 188/485
Patching output file 189/485
Patching output file 190/485
Patching output file 191/485
Patching output file 192/485
Patching output file 193/485
Patching output file 194/485
Patching output file 195/485
Patching output file 196/485
Patching output file 197/485
Patching output file 198/485
Patching output file 199/485
Patching output file 200/485
Patching output file 201/485
Patching output file 202/485
Patching output file 203/485
Patching output file 204/485
Patching output file 205/485
Patching output file 206/485
Patching output file 207/485
Patching output file 208/485
Patching output file 209/485
Patching output file 210/485
Patching output file 211/485
Patching output file 212/485
Patching output file 213/485
Patching output file 214/485
Patching output file 215/485
Patching output file 216/485
Patching output file 217/485
Patching output file 218/485
Patching output file 219/485
Patching output file 220/485
Patching output file 221/485
Patching output file 222/485
Patching output file 223/485
Patching output file 224/485
Patching output file 225/485
Patching output file 226/485
Patching output file 227/485
Patching output file 228/485
Patching output file 229/485
Patching output file 230/485
Patching output file 231/485
Patching output file 232/485
Patching output file 233/485
Patching output file 234/485
Patching output file 235/485
Patching output file 236/485
Patching output file 237/485
Patching output file 238/485
Patching output file 239/485
Patching output file 240/485
Patching output file 241/485
Patching output file 242/485
Patching output file 243/485
Patching output file 244/485
Patching output file 245/485
Patching output file 246/485
Patching output file 247/485
Patching output file 248/485
Patching output file 249/485
Patching output file 250/485
Patching output file 251/485
Patching output file 252/485
Patching output file 253/485
Patching output file 254/485
Patching output file 255/485
Patching output file 256/485
Patching output file 257/485
Patching output file 258/485
Patching output file 259/485
Patching output file 260/485
Patching output file 261/485
Patching output file 262/485
Patching output file 263/485
Patching output file 264/485
Patching output file 265/485
Patching output file 266/485
Patching output file 267/485
Patching output file 268/485
Patching output file 269/485
Patching output file 270/485
Patching output file 271/485
Patching output file 272/485
Patching output file 273/485
Patching output file 274/485
Patching output file 275/485
Patching output file 276/485
Patching output file 277/485
Patching output file 278/485
Patching output file 279/485
Patching output file 280/485
Patching output file 281/485
Patching output file 282/485
Patching output file 283/485
Patching output file 284/485
Patching output file 285/485
Patching output file 286/485
Patching output file 287/485
Patching output file 288/485
Patching output file 289/485
Patching output file 290/485
Patching output file 291/485
Patching output file 292/485
Patching output file 293/485
Patching output file 294/485
Patching output file 295/485
Patching output file 296/485
Patching output file 297/485
Patching output file 298/485
Patching output file 299/485
Patching output file 300/485
Patching output file 301/485
Patching output file 302/485
Patching output file 303/485
Patching output file 304/485
Patching output file 305/485
Patching output file 306/485
Patching output file 307/485
Patching output file 308/485
Patching output file 309/485
Patching output file 310/485
Patching output file 311/485
Patching output file 312/485
Patching output file 313/485
Patching output file 314/485
Patching output file 315/485
Patching output file 316/485
Patching output file 317/485
Patching output file 318/485
Patching output file 319/485
Patching output file 320/485
Patching output file 321/485
Patching output file 322/485
Patching output file 323/485
Patching output file 324/485
Patching output file 325/485
Patching output file 326/485
Patching output file 327/485
Patching output file 328/485
Patching output file 329/485
Patching output file 330/485
Patching output file 331/485
Patching output file 332/485
Patching output file 333/485
Patching output file 334/485
Patching output file 335/485
Patching output file 336/485
Patching output file 337/485
Patching output file 338/485
Patching output file 339/485
Patching output file 340/485
Patching output file 341/485
Patching output file 342/485
Patching output file 343/485
Patching output file 344/485
Patching output file 345/485
Patching output file 346/485
Patching output file 347/485
Patching output file 348/485
Patching output file 349/485
Patching output file 350/485
Patching output file 351/485
Patching output file 352/485
Patching output file 353/485
Patching output file 354/485
Patching output file 355/485
Patching output file 356/485
Patching output file 357/485
Patching output file 358/485
Patching output file 359/485
Patching output file 360/485
Patching output file 361/485
Patching output file 362/485
Patching output file 363/485
Patching output file 364/485
Patching output file 365/485
Patching output file 366/485
Patching output file 367/485
Patching output file 368/485
Patching output file 369/485
Patching output file 370/485
Patching output file 371/485
Patching output file 372/485
Patching output file 373/485
Patching output file 374/485
Patching output file 375/485
Patching output file 376/485
Patching output file 377/485
Patching output file 378/485
Patching output file 379/485
Patching output file 380/485
Patching output file 381/485
Patching output file 382/485
Patching output file 383/485
Patching output file 384/485
Patching output file 385/485
Patching output file 386/485
Patching output file 387/485
Patching output file 388/485
Patching output file 389/485
Patching output file 390/485
Patching output file 391/485
Patching output file 392/485
Patching output file 393/485
Patching output file 394/485
Patching output file 395/485
Patching output file 396/485
Patching output file 397/485
Patching output file 398/485
Patching output file 399/485
Patching output file 400/485
Patching output file 401/485
Patching output file 402/485
Patching output file 403/485
Patching output file 404/485
Patching output file 405/485
Patching output file 406/485
Patching output file 407/485
Patching output file 408/485
Patching output file 409/485
Patching output file 410/485
Patching output file 411/485
Patching output file 412/485
Patching output file 413/485
Patching output file 414/485
Patching output file 415/485
Patching output file 416/485
Patching output file 417/485
Patching output file 418/485
Patching output file 419/485
Patching output file 420/485
Patching output file 421/485
Patching output file 422/485
Patching output file 423/485
Patching output file 424/485
Patching output file 425/485
Patching output file 426/485
Patching output file 427/485
Patching output file 428/485
Patching output file 429/485
Patching output file 430/485
Patching output file 431/485
Patching output file 432/485
Patching output file 433/485
Patching output file 434/485
Patching output file 435/485
Patching output file 436/485
Patching output file 437/485
Patching output file 438/485
Patching output file 439/485
Patching output file 440/485
Patching output file 441/485
Patching output file 442/485
Patching output file 443/485
Patching output file 444/485
Patching output file 445/485
Patching output file 446/485
Patching output file 447/485
Patching output file 448/485
Patching output file 449/485
Patching output file 450/485
Patching output file 451/485
Patching output file 452/485
Patching output file 453/485
Patching output file 454/485
Patching output file 455/485
Patching output file 456/485
Patching output file 457/485
Patching output file 458/485
Patching output file 459/485
Patching output file 460/485
Patching output file 461/485
Patching output file 462/485
Patching output file 463/485
Patching output file 464/485
Patching output file 465/485
Patching output file 466/485
Patching output file 467/485
Patching output file 468/485
Patching output file 469/485
Patching output file 470/485
Patching output file 471/485
Patching output file 472/485
Patching output file 473/485
Patching output file 474/485
Patching output file 475/485
Patching output file 476/485
Patching output file 477/485
Patching output file 478/485
Patching output file 479/485
Patching output file 480/485
Patching output file 481/485
Patching output file 482/485
Patching output file 483/485
Patching output file 484/485
Patching output file 485/485
lookup cache used 1633/65536 hits=14093 misses=1677
finished...
